[2017-11-07 21:44:14] local.ERROR: exception 'Symfony\Component\Debug\Exception\FatalErrorException' with message 'syntax error, unexpected '}'' in /home/shiyanlou/Code/myweb/app/Http/Controllers/ArticlesController.php:21
Stack trace:
#0 {main}  
[2017-11-07 21:44:43] local.ERROR: exception 'InvalidArgumentException' with message 'View [layouts.app] not found.' in /home/shiyanlou/Code/myweb/vendor/laravel/framework/src/Illuminate/View/FileViewFinder.php:137
Stack trace:
#0 /home/shiyanlou/Code/myweb/vendor/laravel/framework/src/Illuminate/View/FileViewFinder.php(79): Illuminate\View\FileViewFinder->findInPaths('layouts.app', Array)
#1 /home/shiyanlou/Code/myweb/vendor/laravel/framework/src/Illuminate/View/Factory.php(151): Illuminate\View\FileViewFinder->find('layouts.app')
#2 /home/shiyanlou/Code/myweb/vendor/laravel/framework/src/Illuminate/Foundation/helpers.php(748): Illuminate\View\Factory->make('layouts.app', Array, Array)
#3 /home/shiyanlou/Code/myweb/app/Http/Controllers/ArticlesController.php(20): view('layouts.app')
#4 [internal function]: App\Http\Controllers\ArticlesController->index()
#5 /home/shiyanlou/Code/myweb/vendor/laravel/framework/src/Illuminate/Routing/Controller.php(256): call_user_func_array(Array, Array)
#6 /home/shiyanlou/Code/myweb/vendor/laravel/framework/src/Illuminate/Routing/ControllerDispatcher.php(164): Illuminate\Routing\Controller->callAction('index', Array)
#7 /home/shiyanlou/Code/myweb/vendor/laravel/framework/src/Illuminate/Routing/ControllerDispatcher.php(112): Illuminate\Routing\ControllerDispatcher->call(Object(App\Http\Controllers\ArticlesController), Object(Illuminate\Routing\Route), 'index')
#8 [internal function]: Illuminate\Routing\ControllerDispatcher->Illuminate\Routing\{closure}(Object(Illuminate\Http\Request))
#9 /home/shiyanlou/Code/myweb/vendor/laravel/framework/src/Illuminate/Pipeline/Pipeline.php(139): call_user_func(Object(Closure), Object(Illuminate\Http\Request))
#10 [internal function]: Illuminate\Pipeline\Pipeline->Illuminate\Pipeline\{closure}(Object(Illuminate\Http\Request))
#11 /home/shiyanlou/Code/myweb/vendor/laravel/framework/src/Illuminate/Pipeline/Pipeline.php(103): call_user_func(Object(Closure), Object(Illuminate\Http\Request))
#12 /home/shiyanlou/Code/myweb/vendor/laravel/framework/src/Illuminate/Routing/ControllerDispatcher.php(114): Illuminate\Pipeline\Pipeline->then(Object(Closure))
#13 /home/shiyanlou/Code/myweb/vendor/laravel/framework/src/Illuminate/Routing/ControllerDispatcher.php(69): Illuminate\Routing\ControllerDispatcher->callWithinStack(Object(App\Http\Controllers\ArticlesController), Object(Illuminate\Routing\Route), Object(Illuminate\Http\Request), 'index')
#14 /home/shiyanlou/Code/myweb/vendor/laravel/framework/src/Illuminate/Routing/Route.php(203): Illuminate\Routing\ControllerDispatcher->dispatch(Object(Illuminate\Routing\Route), Object(Illuminate\Http\Request), 'App\Http\Contro...', 'index')
#15 /home/shiyanlou/Code/myweb/vendor/laravel/framework/src/Illuminate/Routing/Route.php(134): Illuminate\Routing\Route->runWithCustomDispatcher(Object(Illuminate\Http\Request))
#16 /home/shiyanlou/Code/myweb/vendor/laravel/framework/src/Illuminate/Routing/Router.php(708): Illuminate\Routing\Route->run(Object(Illuminate\Http\Request))
#17 [internal function]: Illuminate\Routing\Router->Illuminate\Routing\{closure}(Object(Illuminate\Http\Request))
#18 /home/shiyanlou/Code/myweb/vendor/laravel/framework/src/Illuminate/Pipeline/Pipeline.php(139): call_user_func(Object(Closure), Object(Illuminate\Http\Request))
#19 [internal function]: Illuminate\Pipeline\Pipeline->Illuminate\Pipeline\{closure}(Object(Illuminate\Http\Request))
#20 /home/shiyanlou/Code/myweb/vendor/laravel/framework/src/Illuminate/Pipeline/Pipeline.php(103): call_user_func(Object(Closure), Object(Illuminate\Http\Request))
#21 /home/shiyanlou/Code/myweb/vendor/laravel/framework/src/Illuminate/Routing/Router.php(710): Illuminate\Pipeline\Pipeline->then(Object(Closure))
#22 /home/shiyanlou/Code/myweb/vendor/laravel/framework/src/Illuminate/Routing/Router.php(675): Illuminate\Routing\Router->runRouteWithinStack(Object(Illuminate\Routing\Route), Object(Illuminate\Http\Request))
#23 /home/shiyanlou/Code/myweb/vendor/laravel/framework/src/Illuminate/Routing/Router.php(635): Illuminate\Routing\Router->dispatchToRoute(Object(Illuminate\Http\Request))
#24 /home/shiyanlou/Code/myweb/vendor/laravel/framework/src/Illuminate/Foundation/Http/Kernel.php(236): Illuminate\Routing\Router->dispatch(Object(Illuminate\Http\Request))
#25 [internal function]: Illuminate\Foundation\Http\Kernel->Illuminate\Foundation\Http\{closure}(Object(Illuminate\Http\Request))
#26 /home/shiyanlou/Code/myweb/vendor/laravel/framework/src/Illuminate/Pipeline/Pipeline.php(139): call_user_func(Object(Closure), Object(Illuminate\Http\Request))
#27 /home/shiyanlou/Code/myweb/vendor/laravel/framework/src/Illuminate/Foundation/Http/Middleware/VerifyCsrfToken.php(50): Illuminate\Pipeline\Pipeline->Illuminate\Pipeline\{closure}(Object(Illuminate\Http\Request))
#28 [internal function]: Illuminate\Foundation\Http\Middleware\VerifyCsrfToken->handle(Object(Illuminate\Http\Request), Object(Closure))
#29 /home/shiyanlou/Code/myweb/vendor/laravel/framework/src/Illuminate/Pipeline/Pipeline.php(124): call_user_func_array(Array, Array)
#30 /home/shiyanlou/Code/myweb/vendor/laravel/framework/src/Illuminate/View/Middleware/ShareErrorsFromSession.php(49): Illuminate\Pipeline\Pipeline->Illuminate\Pipeline\{closure}(Object(Illuminate\Http\Request))
#31 [internal function]: Illuminate\View\Middleware\ShareErrorsFromSession->handle(Object(Illuminate\Http\Request), Object(Closure))
#32 /home/shiyanlou/Code/myweb/vendor/laravel/framework/src/Illuminate/Pipeline/Pipeline.php(124): call_user_func_array(Array, Array)
#33 /home/shiyanlou/Code/myweb/vendor/laravel/framework/src/Illuminate/Session/Middleware/StartSession.php(62): Illuminate\Pipeline\Pipeline->Illuminate\Pipeline\{closure}(Object(Illuminate\Http\Request))
#34 [internal function]: Illuminate\Session\Middleware\StartSession->handle(Object(Illuminate\Http\Request), Object(Closure))
#35 /home/shiyanlou/Code/myweb/vendor/laravel/framework/src/Illuminate/Pipeline/Pipeline.php(124): call_user_func_array(Array, Array)
#36 /home/shiyanlou/Code/myweb/vendor/laravel/framework/src/Illuminate/Cookie/Middleware/AddQueuedCookiesToResponse.php(37): Illuminate\Pipeline\Pipeline->Illuminate\Pipeline\{closure}(Object(Illuminate\Http\Request))
#37 [internal function]: Illuminate\Cookie\Middleware\AddQueuedCookiesToResponse->handle(Object(Illuminate\Http\Request), Object(Closure))
#38 /home/shiyanlou/Code/myweb/vendor/laravel/framework/src/Illuminate/Pipeline/Pipeline.php(124): call_user_func_array(Array, Array)
#39 /home/shiyanlou/Code/myweb/vendor/laravel/framework/src/Illuminate/Cookie/Middleware/EncryptCookies.php(59): Illuminate\Pipeline\Pipeline->Illuminate\Pipeline\{closure}(Object(Illuminate\Http\Request))
#40 [internal function]: Illuminate\Cookie\Middleware\EncryptCookies->handle(Object(Illuminate\Http\Request), Object(Closure))
#41 /home/shiyanlou/Code/myweb/vendor/laravel/framework/src/Illuminate/Pipeline/Pipeline.php(124): call_user_func_array(Array, Array)
#42 /home/shiyanlou/Code/myweb/vendor/laravel/framework/src/Illuminate/Foundation/Http/Middleware/CheckForMaintenanceMode.php(44): Illuminate\Pipeline\Pipeline->Illuminate\Pipeline\{closure}(Object(Illuminate\Http\Request))
#43 [internal function]: Illuminate\Foundation\Http\Middleware\CheckForMaintenanceMode->handle(Object(Illuminate\Http\Request), Object(Closure))
#44 /home/shiyanlou/Code/myweb/vendor/laravel/framework/src/Illuminate/Pipeline/Pipeline.php(124): call_user_func_array(Array, Array)
#45 [internal function]: Illuminate\Pipeline\Pipeline->Illuminate\Pipeline\{closure}(Object(Illuminate\Http\Request))
#46 /home/shiyanlou/Code/myweb/vendor/laravel/framework/src/Illuminate/Pipeline/Pipeline.php(103): call_user_func(Object(Closure), Object(Illuminate\Http\Request))
#47 /home/shiyanlou/Code/myweb/vendor/laravel/framework/src/Illuminate/Foundation/Http/Kernel.php(122): Illuminate\Pipeline\Pipeline->then(Object(Closure))
#48 /home/shiyanlou/Code/myweb/vendor/laravel/framework/src/Illuminate/Foundation/Http/Kernel.php(87): Illuminate\Foundation\Http\Kernel->sendRequestThroughRouter(Object(Illuminate\Http\Request))
#49 /home/shiyanlou/Code/myweb/public/index.php(54): Illuminate\Foundation\Http\Kernel->handle(Object(Illuminate\Http\Request))
#50 {main}  
[2017-11-07 21:46:03] local.ERROR: exception 'InvalidArgumentException' with message 'View [layouts.app] not found.' in /home/shiyanlou/Code/myweb/vendor/laravel/framework/src/Illuminate/View/FileViewFinder.php:137
Stack trace:
#0 /home/shiyanlou/Code/myweb/vendor/laravel/framework/src/Illuminate/View/FileViewFinder.php(79): Illuminate\View\FileViewFinder->findInPaths('layouts.app', Array)
#1 /home/shiyanlou/Code/myweb/vendor/laravel/framework/src/Illuminate/View/Factory.php(151): Illuminate\View\FileViewFinder->find('layouts.app')
#2 /home/shiyanlou/Code/myweb/vendor/laravel/framework/src/Illuminate/Foundation/helpers.php(748): Illuminate\View\Factory->make('layouts.app', Array, Array)
#3 /home/shiyanlou/Code/myweb/app/Http/Controllers/ArticlesController.php(20): view('layouts.app')
#4 [internal function]: App\Http\Controllers\ArticlesController->index()
#5 /home/shiyanlou/Code/myweb/vendor/laravel/framework/src/Illuminate/Routing/Controller.php(256): call_user_func_array(Array, Array)
#6 /home/shiyanlou/Code/myweb/vendor/laravel/framework/src/Illuminate/Routing/ControllerDispatcher.php(164): Illuminate\Routing\Controller->callAction('index', Array)
#7 /home/shiyanlou/Code/myweb/vendor/laravel/framework/src/Illuminate/Routing/ControllerDispatcher.php(112): Illuminate\Routing\ControllerDispatcher->call(Object(App\Http\Controllers\ArticlesController), Object(Illuminate\Routing\Route), 'index')
#8 [internal function]: Illuminate\Routing\ControllerDispatcher->Illuminate\Routing\{closure}(Object(Illuminate\Http\Request))
#9 /home/shiyanlou/Code/myweb/vendor/laravel/framework/src/Illuminate/Pipeline/Pipeline.php(139): call_user_func(Object(Closure), Object(Illuminate\Http\Request))
#10 [internal function]: Illuminate\Pipeline\Pipeline->Illuminate\Pipeline\{closure}(Object(Illuminate\Http\Request))
#11 /home/shiyanlou/Code/myweb/vendor/laravel/framework/src/Illuminate/Pipeline/Pipeline.php(103): call_user_func(Object(Closure), Object(Illuminate\Http\Request))
#12 /home/shiyanlou/Code/myweb/vendor/laravel/framework/src/Illuminate/Routing/ControllerDispatcher.php(114): Illuminate\Pipeline\Pipeline->then(Object(Closure))
#13 /home/shiyanlou/Code/myweb/vendor/laravel/framework/src/Illuminate/Routing/ControllerDispatcher.php(69): Illuminate\Routing\ControllerDispatcher->callWithinStack(Object(App\Http\Controllers\ArticlesController), Object(Illuminate\Routing\Route), Object(Illuminate\Http\Request), 'index')
#14 /home/shiyanlou/Code/myweb/vendor/laravel/framework/src/Illuminate/Routing/Route.php(203): Illuminate\Routing\ControllerDispatcher->dispatch(Object(Illuminate\Routing\Route), Object(Illuminate\Http\Request), 'App\Http\Contro...', 'index')
#15 /home/shiyanlou/Code/myweb/vendor/laravel/framework/src/Illuminate/Routing/Route.php(134): Illuminate\Routing\Route->runWithCustomDispatcher(Object(Illuminate\Http\Request))
#16 /home/shiyanlou/Code/myweb/vendor/laravel/framework/src/Illuminate/Routing/Router.php(708): Illuminate\Routing\Route->run(Object(Illuminate\Http\Request))
#17 [internal function]: Illuminate\Routing\Router->Illuminate\Routing\{closure}(Object(Illuminate\Http\Request))
#18 /home/shiyanlou/Code/myweb/vendor/laravel/framework/src/Illuminate/Pipeline/Pipeline.php(139): call_user_func(Object(Closure), Object(Illuminate\Http\Request))
#19 [internal function]: Illuminate\Pipeline\Pipeline->Illuminate\Pipeline\{closure}(Object(Illuminate\Http\Request))
#20 /home/shiyanlou/Code/myweb/vendor/laravel/framework/src/Illuminate/Pipeline/Pipeline.php(103): call_user_func(Object(Closure), Object(Illuminate\Http\Request))
#21 /home/shiyanlou/Code/myweb/vendor/laravel/framework/src/Illuminate/Routing/Router.php(710): Illuminate\Pipeline\Pipeline->then(Object(Closure))
#22 /home/shiyanlou/Code/myweb/vendor/laravel/framework/src/Illuminate/Routing/Router.php(675): Illuminate\Routing\Router->runRouteWithinStack(Object(Illuminate\Routing\Route), Object(Illuminate\Http\Request))
#23 /home/shiyanlou/Code/myweb/vendor/laravel/framework/src/Illuminate/Routing/Router.php(635): Illuminate\Routing\Router->dispatchToRoute(Object(Illuminate\Http\Request))
#24 /home/shiyanlou/Code/myweb/vendor/laravel/framework/src/Illuminate/Foundation/Http/Kernel.php(236): Illuminate\Routing\Router->dispatch(Object(Illuminate\Http\Request))
#25 [internal function]: Illuminate\Foundation\Http\Kernel->Illuminate\Foundation\Http\{closure}(Object(Illuminate\Http\Request))
#26 /home/shiyanlou/Code/myweb/vendor/laravel/framework/src/Illuminate/Pipeline/Pipeline.php(139): call_user_func(Object(Closure), Object(Illuminate\Http\Request))
#27 /home/shiyanlou/Code/myweb/vendor/laravel/framework/src/Illuminate/Foundation/Http/Middleware/VerifyCsrfToken.php(50): Illuminate\Pipeline\Pipeline->Illuminate\Pipeline\{closure}(Object(Illuminate\Http\Request))
#28 [internal function]: Illuminate\Foundation\Http\Middleware\VerifyCsrfToken->handle(Object(Illuminate\Http\Request), Object(Closure))
#29 /home/shiyanlou/Code/myweb/vendor/laravel/framework/src/Illuminate/Pipeline/Pipeline.php(124): call_user_func_array(Array, Array)
#30 /home/shiyanlou/Code/myweb/vendor/laravel/framework/src/Illuminate/View/Middleware/ShareErrorsFromSession.php(49): Illuminate\Pipeline\Pipeline->Illuminate\Pipeline\{closure}(Object(Illuminate\Http\Request))
#31 [internal function]: Illuminate\View\Middleware\ShareErrorsFromSession->handle(Object(Illuminate\Http\Request), Object(Closure))
#32 /home/shiyanlou/Code/myweb/vendor/laravel/framework/src/Illuminate/Pipeline/Pipeline.php(124): call_user_func_array(Array, Array)
#33 /home/shiyanlou/Code/myweb/vendor/laravel/framework/src/Illuminate/Session/Middleware/StartSession.php(62): Illuminate\Pipeline\Pipeline->Illuminate\Pipeline\{closure}(Object(Illuminate\Http\Request))
#34 [internal function]: Illuminate\Session\Middleware\StartSession->handle(Object(Illuminate\Http\Request), Object(Closure))
#35 /home/shiyanlou/Code/myweb/vendor/laravel/framework/src/Illuminate/Pipeline/Pipeline.php(124): call_user_func_array(Array, Array)
#36 /home/shiyanlou/Code/myweb/vendor/laravel/framework/src/Illuminate/Cookie/Middleware/AddQueuedCookiesToResponse.php(37): Illuminate\Pipeline\Pipeline->Illuminate\Pipeline\{closure}(Object(Illuminate\Http\Request))
#37 [internal function]: Illuminate\Cookie\Middleware\AddQueuedCookiesToResponse->handle(Object(Illuminate\Http\Request), Object(Closure))
#38 /home/shiyanlou/Code/myweb/vendor/laravel/framework/src/Illuminate/Pipeline/Pipeline.php(124): call_user_func_array(Array, Array)
#39 /home/shiyanlou/Code/myweb/vendor/laravel/framework/src/Illuminate/Cookie/Middleware/EncryptCookies.php(59): Illuminate\Pipeline\Pipeline->Illuminate\Pipeline\{closure}(Object(Illuminate\Http\Request))
#40 [internal function]: Illuminate\Cookie\Middleware\EncryptCookies->handle(Object(Illuminate\Http\Request), Object(Closure))
#41 /home/shiyanlou/Code/myweb/vendor/laravel/framework/src/Illuminate/Pipeline/Pipeline.php(124): call_user_func_array(Array, Array)
#42 /home/shiyanlou/Code/myweb/vendor/laravel/framework/src/Illuminate/Foundation/Http/Middleware/CheckForMaintenanceMode.php(44): Illuminate\Pipeline\Pipeline->Illuminate\Pipeline\{closure}(Object(Illuminate\Http\Request))
#43 [internal function]: Illuminate\Foundation\Http\Middleware\CheckForMaintenanceMode->handle(Object(Illuminate\Http\Request), Object(Closure))
#44 /home/shiyanlou/Code/myweb/vendor/laravel/framework/src/Illuminate/Pipeline/Pipeline.php(124): call_user_func_array(Array, Array)
#45 [internal function]: Illuminate\Pipeline\Pipeline->Illuminate\Pipeline\{closure}(Object(Illuminate\Http\Request))
#46 /home/shiyanlou/Code/myweb/vendor/laravel/framework/src/Illuminate/Pipeline/Pipeline.php(103): call_user_func(Object(Closure), Object(Illuminate\Http\Request))
#47 /home/shiyanlou/Code/myweb/vendor/laravel/framework/src/Illuminate/Foundation/Http/Kernel.php(122): Illuminate\Pipeline\Pipeline->then(Object(Closure))
#48 /home/shiyanlou/Code/myweb/vendor/laravel/framework/src/Illuminate/Foundation/Http/Kernel.php(87): Illuminate\Foundation\Http\Kernel->sendRequestThroughRouter(Object(Illuminate\Http\Request))
#49 /home/shiyanlou/Code/myweb/public/index.php(54): Illuminate\Foundation\Http\Kernel->handle(Object(Illuminate\Http\Request))
#50 {main}  
[2017-11-07 21:56:15] local.ERROR: exception 'InvalidArgumentException' with message 'View [layout.app] not found.' in /home/shiyanlou/Code/myweb/vendor/laravel/framework/src/Illuminate/View/FileViewFinder.php:137
Stack trace:
#0 /home/shiyanlou/Code/myweb/vendor/laravel/framework/src/Illuminate/View/FileViewFinder.php(79): Illuminate\View\FileViewFinder->findInPaths('layout.app', Array)
#1 /home/shiyanlou/Code/myweb/vendor/laravel/framework/src/Illuminate/View/Factory.php(151): Illuminate\View\FileViewFinder->find('layout.app')
#2 /home/shiyanlou/Code/myweb/storage/framework/views/8ff218fdf9264f80467feb73809b7a62(5): Illuminate\View\Factory->make('layout.app', Array)
#3 /home/shiyanlou/Code/myweb/vendor/laravel/framework/src/Illuminate/View/Engines/PhpEngine.php(42): include('/home/shiyanlou...')
#4 /home/shiyanlou/Code/myweb/vendor/laravel/framework/src/Illuminate/View/Engines/CompilerEngine.php(58): Illuminate\View\Engines\PhpEngine->evaluatePath('/home/shiyanlou...', Array)
#5 /home/shiyanlou/Code/myweb/vendor/laravel/framework/src/Illuminate/View/View.php(147): Illuminate\View\Engines\CompilerEngine->get('/home/shiyanlou...', Array)
#6 /home/shiyanlou/Code/myweb/vendor/laravel/framework/src/Illuminate/View/View.php(118): Illuminate\View\View->getContents()
#7 /home/shiyanlou/Code/myweb/vendor/laravel/framework/src/Illuminate/View/View.php(83): Illuminate\View\View->renderContents()
#8 /home/shiyanlou/Code/myweb/vendor/laravel/framework/src/Illuminate/Http/Response.php(51): Illuminate\View\View->render()
#9 /home/shiyanlou/Code/myweb/vendor/symfony/http-foundation/Response.php(202): Illuminate\Http\Response->setContent(Object(Illuminate\View\View))
#10 /home/shiyanlou/Code/myweb/vendor/laravel/framework/src/Illuminate/Routing/Router.php(1229): Symfony\Component\HttpFoundation\Response->__construct(Object(Illuminate\View\View))
#11 /home/shiyanlou/Code/myweb/vendor/laravel/framework/src/Illuminate/Routing/ControllerDispatcher.php(113): Illuminate\Routing\Router->prepareResponse(Object(Illuminate\Http\Request), Object(Illuminate\View\View))
#12 [internal function]: Illuminate\Routing\ControllerDispatcher->Illuminate\Routing\{closure}(Object(Illuminate\Http\Request))
#13 /home/shiyanlou/Code/myweb/vendor/laravel/framework/src/Illuminate/Pipeline/Pipeline.php(139): call_user_func(Object(Closure), Object(Illuminate\Http\Request))
#14 [internal function]: Illuminate\Pipeline\Pipeline->Illuminate\Pipeline\{closure}(Object(Illuminate\Http\Request))
#15 /home/shiyanlou/Code/myweb/vendor/laravel/framework/src/Illuminate/Pipeline/Pipeline.php(103): call_user_func(Object(Closure), Object(Illuminate\Http\Request))
#16 /home/shiyanlou/Code/myweb/vendor/laravel/framework/src/Illuminate/Routing/ControllerDispatcher.php(114): Illuminate\Pipeline\Pipeline->then(Object(Closure))
#17 /home/shiyanlou/Code/myweb/vendor/laravel/framework/src/Illuminate/Routing/ControllerDispatcher.php(69): Illuminate\Routing\ControllerDispatcher->callWithinStack(Object(App\Http\Controllers\ArticlesController), Object(Illuminate\Routing\Route), Object(Illuminate\Http\Request), 'index')
#18 /home/shiyanlou/Code/myweb/vendor/laravel/framework/src/Illuminate/Routing/Route.php(203): Illuminate\Routing\ControllerDispatcher->dispatch(Object(Illuminate\Routing\Route), Object(Illuminate\Http\Request), 'App\Http\Contro...', 'index')
#19 /home/shiyanlou/Code/myweb/vendor/laravel/framework/src/Illuminate/Routing/Route.php(134): Illuminate\Routing\Route->runWithCustomDispatcher(Object(Illuminate\Http\Request))
#20 /home/shiyanlou/Code/myweb/vendor/laravel/framework/src/Illuminate/Routing/Router.php(708): Illuminate\Routing\Route->run(Object(Illuminate\Http\Request))
#21 [internal function]: Illuminate\Routing\Router->Illuminate\Routing\{closure}(Object(Illuminate\Http\Request))
#22 /home/shiyanlou/Code/myweb/vendor/laravel/framework/src/Illuminate/Pipeline/Pipeline.php(139): call_user_func(Object(Closure), Object(Illuminate\Http\Request))
#23 [internal function]: Illuminate\Pipeline\Pipeline->Illuminate\Pipeline\{closure}(Object(Illuminate\Http\Request))
#24 /home/shiyanlou/Code/myweb/vendor/laravel/framework/src/Illuminate/Pipeline/Pipeline.php(103): call_user_func(Object(Closure), Object(Illuminate\Http\Request))
#25 /home/shiyanlou/Code/myweb/vendor/laravel/framework/src/Illuminate/Routing/Router.php(710): Illuminate\Pipeline\Pipeline->then(Object(Closure))
#26 /home/shiyanlou/Code/myweb/vendor/laravel/framework/src/Illuminate/Routing/Router.php(675): Illuminate\Routing\Router->runRouteWithinStack(Object(Illuminate\Routing\Route), Object(Illuminate\Http\Request))
#27 /home/shiyanlou/Code/myweb/vendor/laravel/framework/src/Illuminate/Routing/Router.php(635): Illuminate\Routing\Router->dispatchToRoute(Object(Illuminate\Http\Request))
#28 /home/shiyanlou/Code/myweb/vendor/laravel/framework/src/Illuminate/Foundation/Http/Kernel.php(236): Illuminate\Routing\Router->dispatch(Object(Illuminate\Http\Request))
#29 [internal function]: Illuminate\Foundation\Http\Kernel->Illuminate\Foundation\Http\{closure}(Object(Illuminate\Http\Request))
#30 /home/shiyanlou/Code/myweb/vendor/laravel/framework/src/Illuminate/Pipeline/Pipeline.php(139): call_user_func(Object(Closure), Object(Illuminate\Http\Request))
#31 /home/shiyanlou/Code/myweb/vendor/laravel/framework/src/Illuminate/Foundation/Http/Middleware/VerifyCsrfToken.php(50): Illuminate\Pipeline\Pipeline->Illuminate\Pipeline\{closure}(Object(Illuminate\Http\Request))
#32 [internal function]: Illuminate\Foundation\Http\Middleware\VerifyCsrfToken->handle(Object(Illuminate\Http\Request), Object(Closure))
#33 /home/shiyanlou/Code/myweb/vendor/laravel/framework/src/Illuminate/Pipeline/Pipeline.php(124): call_user_func_array(Array, Array)
#34 /home/shiyanlou/Code/myweb/vendor/laravel/framework/src/Illuminate/View/Middleware/ShareErrorsFromSession.php(49): Illuminate\Pipeline\Pipeline->Illuminate\Pipeline\{closure}(Object(Illuminate\Http\Request))
#35 [internal function]: Illuminate\View\Middleware\ShareErrorsFromSession->handle(Object(Illuminate\Http\Request), Object(Closure))
#36 /home/shiyanlou/Code/myweb/vendor/laravel/framework/src/Illuminate/Pipeline/Pipeline.php(124): call_user_func_array(Array, Array)
#37 /home/shiyanlou/Code/myweb/vendor/laravel/framework/src/Illuminate/Session/Middleware/StartSession.php(62): Illuminate\Pipeline\Pipeline->Illuminate\Pipeline\{closure}(Object(Illuminate\Http\Request))
#38 [internal function]: Illuminate\Session\Middleware\StartSession->handle(Object(Illuminate\Http\Request), Object(Closure))
#39 /home/shiyanlou/Code/myweb/vendor/laravel/framework/src/Illuminate/Pipeline/Pipeline.php(124): call_user_func_array(Array, Array)
#40 /home/shiyanlou/Code/myweb/vendor/laravel/framework/src/Illuminate/Cookie/Middleware/AddQueuedCookiesToResponse.php(37): Illuminate\Pipeline\Pipeline->Illuminate\Pipeline\{closure}(Object(Illuminate\Http\Request))
#41 [internal function]: Illuminate\Cookie\Middleware\AddQueuedCookiesToResponse->handle(Object(Illuminate\Http\Request), Object(Closure))
#42 /home/shiyanlou/Code/myweb/vendor/laravel/framework/src/Illuminate/Pipeline/Pipeline.php(124): call_user_func_array(Array, Array)
#43 /home/shiyanlou/Code/myweb/vendor/laravel/framework/src/Illuminate/Cookie/Middleware/EncryptCookies.php(59): Illuminate\Pipeline\Pipeline->Illuminate\Pipeline\{closure}(Object(Illuminate\Http\Request))
#44 [internal function]: Illuminate\Cookie\Middleware\EncryptCookies->handle(Object(Illuminate\Http\Request), Object(Closure))
#45 /home/shiyanlou/Code/myweb/vendor/laravel/framework/src/Illuminate/Pipeline/Pipeline.php(124): call_user_func_array(Array, Array)
#46 /home/shiyanlou/Code/myweb/vendor/laravel/framework/src/Illuminate/Foundation/Http/Middleware/CheckForMaintenanceMode.php(44): Illuminate\Pipeline\Pipeline->Illuminate\Pipeline\{closure}(Object(Illuminate\Http\Request))
#47 [internal function]: Illuminate\Foundation\Http\Middleware\CheckForMaintenanceMode->handle(Object(Illuminate\Http\Request), Object(Closure))
#48 /home/shiyanlou/Code/myweb/vendor/laravel/framework/src/Illuminate/Pipeline/Pipeline.php(124): call_user_func_array(Array, Array)
#49 [internal function]: Illuminate\Pipeline\Pipeline->Illuminate\Pipeline\{closure}(Object(Illuminate\Http\Request))
#50 /home/shiyanlou/Code/myweb/vendor/laravel/framework/src/Illuminate/Pipeline/Pipeline.php(103): call_user_func(Object(Closure), Object(Illuminate\Http\Request))
#51 /home/shiyanlou/Code/myweb/vendor/laravel/framework/src/Illuminate/Foundation/Http/Kernel.php(122): Illuminate\Pipeline\Pipeline->then(Object(Closure))
#52 /home/shiyanlou/Code/myweb/vendor/laravel/framework/src/Illuminate/Foundation/Http/Kernel.php(87): Illuminate\Foundation\Http\Kernel->sendRequestThroughRouter(Object(Illuminate\Http\Request))
#53 /home/shiyanlou/Code/myweb/public/index.php(54): Illuminate\Foundation\Http\Kernel->handle(Object(Illuminate\Http\Request))
#54 {main}

Next exception 'ErrorException' with message 'View [layout.app] not found. (View: /home/shiyanlou/Code/myweb/resources/views/articles/index.blade.php)' in /home/shiyanlou/Code/myweb/vendor/laravel/framework/src/Illuminate/View/FileViewFinder.php:137
Stack trace:
#0 /home/shiyanlou/Code/myweb/vendor/laravel/framework/src/Illuminate/View/Engines/PhpEngine.php(44): Illuminate\View\Engines\CompilerEngine->handleViewException(Object(InvalidArgumentException), 1)
#1 /home/shiyanlou/Code/myweb/vendor/laravel/framework/src/Illuminate/View/Engines/CompilerEngine.php(58): Illuminate\View\Engines\PhpEngine->evaluatePath('/home/shiyanlou...', Array)
#2 /home/shiyanlou/Code/myweb/vendor/laravel/framework/src/Illuminate/View/View.php(147): Illuminate\View\Engines\CompilerEngine->get('/home/shiyanlou...', Array)
#3 /home/shiyanlou/Code/myweb/vendor/laravel/framework/src/Illuminate/View/View.php(118): Illuminate\View\View->getContents()
#4 /home/shiyanlou/Code/myweb/vendor/laravel/framework/src/Illuminate/View/View.php(83): Illuminate\View\View->renderContents()
#5 /home/shiyanlou/Code/myweb/vendor/laravel/framework/src/Illuminate/Http/Response.php(51): Illuminate\View\View->render()
#6 /home/shiyanlou/Code/myweb/vendor/symfony/http-foundation/Response.php(202): Illuminate\Http\Response->setContent(Object(Illuminate\View\View))
#7 /home/shiyanlou/Code/myweb/vendor/laravel/framework/src/Illuminate/Routing/Router.php(1229): Symfony\Component\HttpFoundation\Response->__construct(Object(Illuminate\View\View))
#8 /home/shiyanlou/Code/myweb/vendor/laravel/framework/src/Illuminate/Routing/ControllerDispatcher.php(113): Illuminate\Routing\Router->prepareResponse(Object(Illuminate\Http\Request), Object(Illuminate\View\View))
#9 [internal function]: Illuminate\Routing\ControllerDispatcher->Illuminate\Routing\{closure}(Object(Illuminate\Http\Request))
#10 /home/shiyanlou/Code/myweb/vendor/laravel/framework/src/Illuminate/Pipeline/Pipeline.php(139): call_user_func(Object(Closure), Object(Illuminate\Http\Request))
#11 [internal function]: Illuminate\Pipeline\Pipeline->Illuminate\Pipeline\{closure}(Object(Illuminate\Http\Request))
#12 /home/shiyanlou/Code/myweb/vendor/laravel/framework/src/Illuminate/Pipeline/Pipeline.php(103): call_user_func(Object(Closure), Object(Illuminate\Http\Request))
#13 /home/shiyanlou/Code/myweb/vendor/laravel/framework/src/Illuminate/Routing/ControllerDispatcher.php(114): Illuminate\Pipeline\Pipeline->then(Object(Closure))
#14 /home/shiyanlou/Code/myweb/vendor/laravel/framework/src/Illuminate/Routing/ControllerDispatcher.php(69): Illuminate\Routing\ControllerDispatcher->callWithinStack(Object(App\Http\Controllers\ArticlesController), Object(Illuminate\Routing\Route), Object(Illuminate\Http\Request), 'index')
#15 /home/shiyanlou/Code/myweb/vendor/laravel/framework/src/Illuminate/Routing/Route.php(203): Illuminate\Routing\ControllerDispatcher->dispatch(Object(Illuminate\Routing\Route), Object(Illuminate\Http\Request), 'App\Http\Contro...', 'index')
#16 /home/shiyanlou/Code/myweb/vendor/laravel/framework/src/Illuminate/Routing/Route.php(134): Illuminate\Routing\Route->runWithCustomDispatcher(Object(Illuminate\Http\Request))
#17 /home/shiyanlou/Code/myweb/vendor/laravel/framework/src/Illuminate/Routing/Router.php(708): Illuminate\Routing\Route->run(Object(Illuminate\Http\Request))
#18 [internal function]: Illuminate\Routing\Router->Illuminate\Routing\{closure}(Object(Illuminate\Http\Request))
#19 /home/shiyanlou/Code/myweb/vendor/laravel/framework/src/Illuminate/Pipeline/Pipeline.php(139): call_user_func(Object(Closure), Object(Illuminate\Http\Request))
#20 [internal function]: Illuminate\Pipeline\Pipeline->Illuminate\Pipeline\{closure}(Object(Illuminate\Http\Request))
#21 /home/shiyanlou/Code/myweb/vendor/laravel/framework/src/Illuminate/Pipeline/Pipeline.php(103): call_user_func(Object(Closure), Object(Illuminate\Http\Request))
#22 /home/shiyanlou/Code/myweb/vendor/laravel/framework/src/Illuminate/Routing/Router.php(710): Illuminate\Pipeline\Pipeline->then(Object(Closure))
#23 /home/shiyanlou/Code/myweb/vendor/laravel/framework/src/Illuminate/Routing/Router.php(675): Illuminate\Routing\Router->runRouteWithinStack(Object(Illuminate\Routing\Route), Object(Illuminate\Http\Request))
#24 /home/shiyanlou/Code/myweb/vendor/laravel/framework/src/Illuminate/Routing/Router.php(635): Illuminate\Routing\Router->dispatchToRoute(Object(Illuminate\Http\Request))
#25 /home/shiyanlou/Code/myweb/vendor/laravel/framework/src/Illuminate/Foundation/Http/Kernel.php(236): Illuminate\Routing\Router->dispatch(Object(Illuminate\Http\Request))
#26 [internal function]: Illuminate\Foundation\Http\Kernel->Illuminate\Foundation\Http\{closure}(Object(Illuminate\Http\Request))
#27 /home/shiyanlou/Code/myweb/vendor/laravel/framework/src/Illuminate/Pipeline/Pipeline.php(139): call_user_func(Object(Closure), Object(Illuminate\Http\Request))
#28 /home/shiyanlou/Code/myweb/vendor/laravel/framework/src/Illuminate/Foundation/Http/Middleware/VerifyCsrfToken.php(50): Illuminate\Pipeline\Pipeline->Illuminate\Pipeline\{closure}(Object(Illuminate\Http\Request))
#29 [internal function]: Illuminate\Foundation\Http\Middleware\VerifyCsrfToken->handle(Object(Illuminate\Http\Request), Object(Closure))
#30 /home/shiyanlou/Code/myweb/vendor/laravel/framework/src/Illuminate/Pipeline/Pipeline.php(124): call_user_func_array(Array, Array)
#31 /home/shiyanlou/Code/myweb/vendor/laravel/framework/src/Illuminate/View/Middleware/ShareErrorsFromSession.php(49): Illuminate\Pipeline\Pipeline->Illuminate\Pipeline\{closure}(Object(Illuminate\Http\Request))
#32 [internal function]: Illuminate\View\Middleware\ShareErrorsFromSession->handle(Object(Illuminate\Http\Request), Object(Closure))
#33 /home/shiyanlou/Code/myweb/vendor/laravel/framework/src/Illuminate/Pipeline/Pipeline.php(124): call_user_func_array(Array, Array)
#34 /home/shiyanlou/Code/myweb/vendor/laravel/framework/src/Illuminate/Session/Middleware/StartSession.php(62): Illuminate\Pipeline\Pipeline->Illuminate\Pipeline\{closure}(Object(Illuminate\Http\Request))
#35 [internal function]: Illuminate\Session\Middleware\StartSession->handle(Object(Illuminate\Http\Request), Object(Closure))
#36 /home/shiyanlou/Code/myweb/vendor/laravel/framework/src/Illuminate/Pipeline/Pipeline.php(124): call_user_func_array(Array, Array)
#37 /home/shiyanlou/Code/myweb/vendor/laravel/framework/src/Illuminate/Cookie/Middleware/AddQueuedCookiesToResponse.php(37): Illuminate\Pipeline\Pipeline->Illuminate\Pipeline\{closure}(Object(Illuminate\Http\Request))
#38 [internal function]: Illuminate\Cookie\Middleware\AddQueuedCookiesToResponse->handle(Object(Illuminate\Http\Request), Object(Closure))
#39 /home/shiyanlou/Code/myweb/vendor/laravel/framework/src/Illuminate/Pipeline/Pipeline.php(124): call_user_func_array(Array, Array)
#40 /home/shiyanlou/Code/myweb/vendor/laravel/framework/src/Illuminate/Cookie/Middleware/EncryptCookies.php(59): Illuminate\Pipeline\Pipeline->Illuminate\Pipeline\{closure}(Object(Illuminate\Http\Request))
#41 [internal function]: Illuminate\Cookie\Middleware\EncryptCookies->handle(Object(Illuminate\Http\Request), Object(Closure))
#42 /home/shiyanlou/Code/myweb/vendor/laravel/framework/src/Illuminate/Pipeline/Pipeline.php(124): call_user_func_array(Array, Array)
#43 /home/shiyanlou/Code/myweb/vendor/laravel/framework/src/Illuminate/Foundation/Http/Middleware/CheckForMaintenanceMode.php(44): Illuminate\Pipeline\Pipeline->Illuminate\Pipeline\{closure}(Object(Illuminate\Http\Request))
#44 [internal function]: Illuminate\Foundation\Http\Middleware\CheckForMaintenanceMode->handle(Object(Illuminate\Http\Request), Object(Closure))
#45 /home/shiyanlou/Code/myweb/vendor/laravel/framework/src/Illuminate/Pipeline/Pipeline.php(124): call_user_func_array(Array, Array)
#46 [internal function]: Illuminate\Pipeline\Pipeline->Illuminate\Pipeline\{closure}(Object(Illuminate\Http\Request))
#47 /home/shiyanlou/Code/myweb/vendor/laravel/framework/src/Illuminate/Pipeline/Pipeline.php(103): call_user_func(Object(Closure), Object(Illuminate\Http\Request))
#48 /home/shiyanlou/Code/myweb/vendor/laravel/framework/src/Illuminate/Foundation/Http/Kernel.php(122): Illuminate\Pipeline\Pipeline->then(Object(Closure))
#49 /home/shiyanlou/Code/myweb/vendor/laravel/framework/src/Illuminate/Foundation/Http/Kernel.php(87): Illuminate\Foundation\Http\Kernel->sendRequestThroughRouter(Object(Illuminate\Http\Request))
#50 /home/shiyanlou/Code/myweb/public/index.php(54): Illuminate\Foundation\Http\Kernel->handle(Object(Illuminate\Http\Request))
#51 {main}  
[2017-11-07 21:57:36] local.ERROR: exception 'InvalidArgumentException' with message 'View [layout.app] not found.' in /home/shiyanlou/Code/myweb/vendor/laravel/framework/src/Illuminate/View/FileViewFinder.php:137
Stack trace:
#0 /home/shiyanlou/Code/myweb/vendor/laravel/framework/src/Illuminate/View/FileViewFinder.php(79): Illuminate\View\FileViewFinder->findInPaths('layout.app', Array)
#1 /home/shiyanlou/Code/myweb/vendor/laravel/framework/src/Illuminate/View/Factory.php(151): Illuminate\View\FileViewFinder->find('layout.app')
#2 /home/shiyanlou/Code/myweb/storage/framework/views/8ff218fdf9264f80467feb73809b7a62(5): Illuminate\View\Factory->make('layout.app', Array)
#3 /home/shiyanlou/Code/myweb/vendor/laravel/framework/src/Illuminate/View/Engines/PhpEngine.php(42): include('/home/shiyanlou...')
#4 /home/shiyanlou/Code/myweb/vendor/laravel/framework/src/Illuminate/View/Engines/CompilerEngine.php(58): Illuminate\View\Engines\PhpEngine->evaluatePath('/home/shiyanlou...', Array)
#5 /home/shiyanlou/Code/myweb/vendor/laravel/framework/src/Illuminate/View/View.php(147): Illuminate\View\Engines\CompilerEngine->get('/home/shiyanlou...', Array)
#6 /home/shiyanlou/Code/myweb/vendor/laravel/framework/src/Illuminate/View/View.php(118): Illuminate\View\View->getContents()
#7 /home/shiyanlou/Code/myweb/vendor/laravel/framework/src/Illuminate/View/View.php(83): Illuminate\View\View->renderContents()
#8 /home/shiyanlou/Code/myweb/vendor/laravel/framework/src/Illuminate/Http/Response.php(51): Illuminate\View\View->render()
#9 /home/shiyanlou/Code/myweb/vendor/symfony/http-foundation/Response.php(202): Illuminate\Http\Response->setContent(Object(Illuminate\View\View))
#10 /home/shiyanlou/Code/myweb/vendor/laravel/framework/src/Illuminate/Routing/Router.php(1229): Symfony\Component\HttpFoundation\Response->__construct(Object(Illuminate\View\View))
#11 /home/shiyanlou/Code/myweb/vendor/laravel/framework/src/Illuminate/Routing/ControllerDispatcher.php(113): Illuminate\Routing\Router->prepareResponse(Object(Illuminate\Http\Request), Object(Illuminate\View\View))
#12 [internal function]: Illuminate\Routing\ControllerDispatcher->Illuminate\Routing\{closure}(Object(Illuminate\Http\Request))
#13 /home/shiyanlou/Code/myweb/vendor/laravel/framework/src/Illuminate/Pipeline/Pipeline.php(139): call_user_func(Object(Closure), Object(Illuminate\Http\Request))
#14 [internal function]: Illuminate\Pipeline\Pipeline->Illuminate\Pipeline\{closure}(Object(Illuminate\Http\Request))
#15 /home/shiyanlou/Code/myweb/vendor/laravel/framework/src/Illuminate/Pipeline/Pipeline.php(103): call_user_func(Object(Closure), Object(Illuminate\Http\Request))
#16 /home/shiyanlou/Code/myweb/vendor/laravel/framework/src/Illuminate/Routing/ControllerDispatcher.php(114): Illuminate\Pipeline\Pipeline->then(Object(Closure))
#17 /home/shiyanlou/Code/myweb/vendor/laravel/framework/src/Illuminate/Routing/ControllerDispatcher.php(69): Illuminate\Routing\ControllerDispatcher->callWithinStack(Object(App\Http\Controllers\ArticlesController), Object(Illuminate\Routing\Route), Object(Illuminate\Http\Request), 'index')
#18 /home/shiyanlou/Code/myweb/vendor/laravel/framework/src/Illuminate/Routing/Route.php(203): Illuminate\Routing\ControllerDispatcher->dispatch(Object(Illuminate\Routing\Route), Object(Illuminate\Http\Request), 'App\Http\Contro...', 'index')
#19 /home/shiyanlou/Code/myweb/vendor/laravel/framework/src/Illuminate/Routing/Route.php(134): Illuminate\Routing\Route->runWithCustomDispatcher(Object(Illuminate\Http\Request))
#20 /home/shiyanlou/Code/myweb/vendor/laravel/framework/src/Illuminate/Routing/Router.php(708): Illuminate\Routing\Route->run(Object(Illuminate\Http\Request))
#21 [internal function]: Illuminate\Routing\Router->Illuminate\Routing\{closure}(Object(Illuminate\Http\Request))
#22 /home/shiyanlou/Code/myweb/vendor/laravel/framework/src/Illuminate/Pipeline/Pipeline.php(139): call_user_func(Object(Closure), Object(Illuminate\Http\Request))
#23 [internal function]: Illuminate\Pipeline\Pipeline->Illuminate\Pipeline\{closure}(Object(Illuminate\Http\Request))
#24 /home/shiyanlou/Code/myweb/vendor/laravel/framework/src/Illuminate/Pipeline/Pipeline.php(103): call_user_func(Object(Closure), Object(Illuminate\Http\Request))
#25 /home/shiyanlou/Code/myweb/vendor/laravel/framework/src/Illuminate/Routing/Router.php(710): Illuminate\Pipeline\Pipeline->then(Object(Closure))
#26 /home/shiyanlou/Code/myweb/vendor/laravel/framework/src/Illuminate/Routing/Router.php(675): Illuminate\Routing\Router->runRouteWithinStack(Object(Illuminate\Routing\Route), Object(Illuminate\Http\Request))
#27 /home/shiyanlou/Code/myweb/vendor/laravel/framework/src/Illuminate/Routing/Router.php(635): Illuminate\Routing\Router->dispatchToRoute(Object(Illuminate\Http\Request))
#28 /home/shiyanlou/Code/myweb/vendor/laravel/framework/src/Illuminate/Foundation/Http/Kernel.php(236): Illuminate\Routing\Router->dispatch(Object(Illuminate\Http\Request))
#29 [internal function]: Illuminate\Foundation\Http\Kernel->Illuminate\Foundation\Http\{closure}(Object(Illuminate\Http\Request))
#30 /home/shiyanlou/Code/myweb/vendor/laravel/framework/src/Illuminate/Pipeline/Pipeline.php(139): call_user_func(Object(Closure), Object(Illuminate\Http\Request))
#31 /home/shiyanlou/Code/myweb/vendor/laravel/framework/src/Illuminate/Foundation/Http/Middleware/VerifyCsrfToken.php(50): Illuminate\Pipeline\Pipeline->Illuminate\Pipeline\{closure}(Object(Illuminate\Http\Request))
#32 [internal function]: Illuminate\Foundation\Http\Middleware\VerifyCsrfToken->handle(Object(Illuminate\Http\Request), Object(Closure))
#33 /home/shiyanlou/Code/myweb/vendor/laravel/framework/src/Illuminate/Pipeline/Pipeline.php(124): call_user_func_array(Array, Array)
#34 /home/shiyanlou/Code/myweb/vendor/laravel/framework/src/Illuminate/View/Middleware/ShareErrorsFromSession.php(49): Illuminate\Pipeline\Pipeline->Illuminate\Pipeline\{closure}(Object(Illuminate\Http\Request))
#35 [internal function]: Illuminate\View\Middleware\ShareErrorsFromSession->handle(Object(Illuminate\Http\Request), Object(Closure))
#36 /home/shiyanlou/Code/myweb/vendor/laravel/framework/src/Illuminate/Pipeline/Pipeline.php(124): call_user_func_array(Array, Array)
#37 /home/shiyanlou/Code/myweb/vendor/laravel/framework/src/Illuminate/Session/Middleware/StartSession.php(62): Illuminate\Pipeline\Pipeline->Illuminate\Pipeline\{closure}(Object(Illuminate\Http\Request))
#38 [internal function]: Illuminate\Session\Middleware\StartSession->handle(Object(Illuminate\Http\Request), Object(Closure))
#39 /home/shiyanlou/Code/myweb/vendor/laravel/framework/src/Illuminate/Pipeline/Pipeline.php(124): call_user_func_array(Array, Array)
#40 /home/shiyanlou/Code/myweb/vendor/laravel/framework/src/Illuminate/Cookie/Middleware/AddQueuedCookiesToResponse.php(37): Illuminate\Pipeline\Pipeline->Illuminate\Pipeline\{closure}(Object(Illuminate\Http\Request))
#41 [internal function]: Illuminate\Cookie\Middleware\AddQueuedCookiesToResponse->handle(Object(Illuminate\Http\Request), Object(Closure))
#42 /home/shiyanlou/Code/myweb/vendor/laravel/framework/src/Illuminate/Pipeline/Pipeline.php(124): call_user_func_array(Array, Array)
#43 /home/shiyanlou/Code/myweb/vendor/laravel/framework/src/Illuminate/Cookie/Middleware/EncryptCookies.php(59): Illuminate\Pipeline\Pipeline->Illuminate\Pipeline\{closure}(Object(Illuminate\Http\Request))
#44 [internal function]: Illuminate\Cookie\Middleware\EncryptCookies->handle(Object(Illuminate\Http\Request), Object(Closure))
#45 /home/shiyanlou/Code/myweb/vendor/laravel/framework/src/Illuminate/Pipeline/Pipeline.php(124): call_user_func_array(Array, Array)
#46 /home/shiyanlou/Code/myweb/vendor/laravel/framework/src/Illuminate/Foundation/Http/Middleware/CheckForMaintenanceMode.php(44): Illuminate\Pipeline\Pipeline->Illuminate\Pipeline\{closure}(Object(Illuminate\Http\Request))
#47 [internal function]: Illuminate\Foundation\Http\Middleware\CheckForMaintenanceMode->handle(Object(Illuminate\Http\Request), Object(Closure))
#48 /home/shiyanlou/Code/myweb/vendor/laravel/framework/src/Illuminate/Pipeline/Pipeline.php(124): call_user_func_array(Array, Array)
#49 [internal function]: Illuminate\Pipeline\Pipeline->Illuminate\Pipeline\{closure}(Object(Illuminate\Http\Request))
#50 /home/shiyanlou/Code/myweb/vendor/laravel/framework/src/Illuminate/Pipeline/Pipeline.php(103): call_user_func(Object(Closure), Object(Illuminate\Http\Request))
#51 /home/shiyanlou/Code/myweb/vendor/laravel/framework/src/Illuminate/Foundation/Http/Kernel.php(122): Illuminate\Pipeline\Pipeline->then(Object(Closure))
#52 /home/shiyanlou/Code/myweb/vendor/laravel/framework/src/Illuminate/Foundation/Http/Kernel.php(87): Illuminate\Foundation\Http\Kernel->sendRequestThroughRouter(Object(Illuminate\Http\Request))
#53 /home/shiyanlou/Code/myweb/public/index.php(54): Illuminate\Foundation\Http\Kernel->handle(Object(Illuminate\Http\Request))
#54 {main}

Next exception 'ErrorException' with message 'View [layout.app] not found. (View: /home/shiyanlou/Code/myweb/resources/views/articles/index.blade.php)' in /home/shiyanlou/Code/myweb/vendor/laravel/framework/src/Illuminate/View/FileViewFinder.php:137
Stack trace:
#0 /home/shiyanlou/Code/myweb/vendor/laravel/framework/src/Illuminate/View/Engines/PhpEngine.php(44): Illuminate\View\Engines\CompilerEngine->handleViewException(Object(InvalidArgumentException), 1)
#1 /home/shiyanlou/Code/myweb/vendor/laravel/framework/src/Illuminate/View/Engines/CompilerEngine.php(58): Illuminate\View\Engines\PhpEngine->evaluatePath('/home/shiyanlou...', Array)
#2 /home/shiyanlou/Code/myweb/vendor/laravel/framework/src/Illuminate/View/View.php(147): Illuminate\View\Engines\CompilerEngine->get('/home/shiyanlou...', Array)
#3 /home/shiyanlou/Code/myweb/vendor/laravel/framework/src/Illuminate/View/View.php(118): Illuminate\View\View->getContents()
#4 /home/shiyanlou/Code/myweb/vendor/laravel/framework/src/Illuminate/View/View.php(83): Illuminate\View\View->renderContents()
#5 /home/shiyanlou/Code/myweb/vendor/laravel/framework/src/Illuminate/Http/Response.php(51): Illuminate\View\View->render()
#6 /home/shiyanlou/Code/myweb/vendor/symfony/http-foundation/Response.php(202): Illuminate\Http\Response->setContent(Object(Illuminate\View\View))
#7 /home/shiyanlou/Code/myweb/vendor/laravel/framework/src/Illuminate/Routing/Router.php(1229): Symfony\Component\HttpFoundation\Response->__construct(Object(Illuminate\View\View))
#8 /home/shiyanlou/Code/myweb/vendor/laravel/framework/src/Illuminate/Routing/ControllerDispatcher.php(113): Illuminate\Routing\Router->prepareResponse(Object(Illuminate\Http\Request), Object(Illuminate\View\View))
#9 [internal function]: Illuminate\Routing\ControllerDispatcher->Illuminate\Routing\{closure}(Object(Illuminate\Http\Request))
#10 /home/shiyanlou/Code/myweb/vendor/laravel/framework/src/Illuminate/Pipeline/Pipeline.php(139): call_user_func(Object(Closure), Object(Illuminate\Http\Request))
#11 [internal function]: Illuminate\Pipeline\Pipeline->Illuminate\Pipeline\{closure}(Object(Illuminate\Http\Request))
#12 /home/shiyanlou/Code/myweb/vendor/laravel/framework/src/Illuminate/Pipeline/Pipeline.php(103): call_user_func(Object(Closure), Object(Illuminate\Http\Request))
#13 /home/shiyanlou/Code/myweb/vendor/laravel/framework/src/Illuminate/Routing/ControllerDispatcher.php(114): Illuminate\Pipeline\Pipeline->then(Object(Closure))
#14 /home/shiyanlou/Code/myweb/vendor/laravel/framework/src/Illuminate/Routing/ControllerDispatcher.php(69): Illuminate\Routing\ControllerDispatcher->callWithinStack(Object(App\Http\Controllers\ArticlesController), Object(Illuminate\Routing\Route), Object(Illuminate\Http\Request), 'index')
#15 /home/shiyanlou/Code/myweb/vendor/laravel/framework/src/Illuminate/Routing/Route.php(203): Illuminate\Routing\ControllerDispatcher->dispatch(Object(Illuminate\Routing\Route), Object(Illuminate\Http\Request), 'App\Http\Contro...', 'index')
#16 /home/shiyanlou/Code/myweb/vendor/laravel/framework/src/Illuminate/Routing/Route.php(134): Illuminate\Routing\Route->runWithCustomDispatcher(Object(Illuminate\Http\Request))
#17 /home/shiyanlou/Code/myweb/vendor/laravel/framework/src/Illuminate/Routing/Router.php(708): Illuminate\Routing\Route->run(Object(Illuminate\Http\Request))
#18 [internal function]: Illuminate\Routing\Router->Illuminate\Routing\{closure}(Object(Illuminate\Http\Request))
#19 /home/shiyanlou/Code/myweb/vendor/laravel/framework/src/Illuminate/Pipeline/Pipeline.php(139): call_user_func(Object(Closure), Object(Illuminate\Http\Request))
#20 [internal function]: Illuminate\Pipeline\Pipeline->Illuminate\Pipeline\{closure}(Object(Illuminate\Http\Request))
#21 /home/shiyanlou/Code/myweb/vendor/laravel/framework/src/Illuminate/Pipeline/Pipeline.php(103): call_user_func(Object(Closure), Object(Illuminate\Http\Request))
#22 /home/shiyanlou/Code/myweb/vendor/laravel/framework/src/Illuminate/Routing/Router.php(710): Illuminate\Pipeline\Pipeline->then(Object(Closure))
#23 /home/shiyanlou/Code/myweb/vendor/laravel/framework/src/Illuminate/Routing/Router.php(675): Illuminate\Routing\Router->runRouteWithinStack(Object(Illuminate\Routing\Route), Object(Illuminate\Http\Request))
#24 /home/shiyanlou/Code/myweb/vendor/laravel/framework/src/Illuminate/Routing/Router.php(635): Illuminate\Routing\Router->dispatchToRoute(Object(Illuminate\Http\Request))
#25 /home/shiyanlou/Code/myweb/vendor/laravel/framework/src/Illuminate/Foundation/Http/Kernel.php(236): Illuminate\Routing\Router->dispatch(Object(Illuminate\Http\Request))
#26 [internal function]: Illuminate\Foundation\Http\Kernel->Illuminate\Foundation\Http\{closure}(Object(Illuminate\Http\Request))
#27 /home/shiyanlou/Code/myweb/vendor/laravel/framework/src/Illuminate/Pipeline/Pipeline.php(139): call_user_func(Object(Closure), Object(Illuminate\Http\Request))
#28 /home/shiyanlou/Code/myweb/vendor/laravel/framework/src/Illuminate/Foundation/Http/Middleware/VerifyCsrfToken.php(50): Illuminate\Pipeline\Pipeline->Illuminate\Pipeline\{closure}(Object(Illuminate\Http\Request))
#29 [internal function]: Illuminate\Foundation\Http\Middleware\VerifyCsrfToken->handle(Object(Illuminate\Http\Request), Object(Closure))
#30 /home/shiyanlou/Code/myweb/vendor/laravel/framework/src/Illuminate/Pipeline/Pipeline.php(124): call_user_func_array(Array, Array)
#31 /home/shiyanlou/Code/myweb/vendor/laravel/framework/src/Illuminate/View/Middleware/ShareErrorsFromSession.php(49): Illuminate\Pipeline\Pipeline->Illuminate\Pipeline\{closure}(Object(Illuminate\Http\Request))
#32 [internal function]: Illuminate\View\Middleware\ShareErrorsFromSession->handle(Object(Illuminate\Http\Request), Object(Closure))
#33 /home/shiyanlou/Code/myweb/vendor/laravel/framework/src/Illuminate/Pipeline/Pipeline.php(124): call_user_func_array(Array, Array)
#34 /home/shiyanlou/Code/myweb/vendor/laravel/framework/src/Illuminate/Session/Middleware/StartSession.php(62): Illuminate\Pipeline\Pipeline->Illuminate\Pipeline\{closure}(Object(Illuminate\Http\Request))
#35 [internal function]: Illuminate\Session\Middleware\StartSession->handle(Object(Illuminate\Http\Request), Object(Closure))
#36 /home/shiyanlou/Code/myweb/vendor/laravel/framework/src/Illuminate/Pipeline/Pipeline.php(124): call_user_func_array(Array, Array)
#37 /home/shiyanlou/Code/myweb/vendor/laravel/framework/src/Illuminate/Cookie/Middleware/AddQueuedCookiesToResponse.php(37): Illuminate\Pipeline\Pipeline->Illuminate\Pipeline\{closure}(Object(Illuminate\Http\Request))
#38 [internal function]: Illuminate\Cookie\Middleware\AddQueuedCookiesToResponse->handle(Object(Illuminate\Http\Request), Object(Closure))
#39 /home/shiyanlou/Code/myweb/vendor/laravel/framework/src/Illuminate/Pipeline/Pipeline.php(124): call_user_func_array(Array, Array)
#40 /home/shiyanlou/Code/myweb/vendor/laravel/framework/src/Illuminate/Cookie/Middleware/EncryptCookies.php(59): Illuminate\Pipeline\Pipeline->Illuminate\Pipeline\{closure}(Object(Illuminate\Http\Request))
#41 [internal function]: Illuminate\Cookie\Middleware\EncryptCookies->handle(Object(Illuminate\Http\Request), Object(Closure))
#42 /home/shiyanlou/Code/myweb/vendor/laravel/framework/src/Illuminate/Pipeline/Pipeline.php(124): call_user_func_array(Array, Array)
#43 /home/shiyanlou/Code/myweb/vendor/laravel/framework/src/Illuminate/Foundation/Http/Middleware/CheckForMaintenanceMode.php(44): Illuminate\Pipeline\Pipeline->Illuminate\Pipeline\{closure}(Object(Illuminate\Http\Request))
#44 [internal function]: Illuminate\Foundation\Http\Middleware\CheckForMaintenanceMode->handle(Object(Illuminate\Http\Request), Object(Closure))
#45 /home/shiyanlou/Code/myweb/vendor/laravel/framework/src/Illuminate/Pipeline/Pipeline.php(124): call_user_func_array(Array, Array)
#46 [internal function]: Illuminate\Pipeline\Pipeline->Illuminate\Pipeline\{closure}(Object(Illuminate\Http\Request))
#47 /home/shiyanlou/Code/myweb/vendor/laravel/framework/src/Illuminate/Pipeline/Pipeline.php(103): call_user_func(Object(Closure), Object(Illuminate\Http\Request))
#48 /home/shiyanlou/Code/myweb/vendor/laravel/framework/src/Illuminate/Foundation/Http/Kernel.php(122): Illuminate\Pipeline\Pipeline->then(Object(Closure))
#49 /home/shiyanlou/Code/myweb/vendor/laravel/framework/src/Illuminate/Foundation/Http/Kernel.php(87): Illuminate\Foundation\Http\Kernel->sendRequestThroughRouter(Object(Illuminate\Http\Request))
#50 /home/shiyanlou/Code/myweb/public/index.php(54): Illuminate\Foundation\Http\Kernel->handle(Object(Illuminate\Http\Request))
#51 {main}  
[2017-11-07 22:00:49] local.ERROR: exception 'InvalidArgumentException' with message 'View [layout.app] not found.' in /home/shiyanlou/Code/myweb/vendor/laravel/framework/src/Illuminate/View/FileViewFinder.php:137
Stack trace:
#0 /home/shiyanlou/Code/myweb/vendor/laravel/framework/src/Illuminate/View/FileViewFinder.php(79): Illuminate\View\FileViewFinder->findInPaths('layout.app', Array)
#1 /home/shiyanlou/Code/myweb/vendor/laravel/framework/src/Illuminate/View/Factory.php(151): Illuminate\View\FileViewFinder->find('layout.app')
#2 /home/shiyanlou/Code/myweb/storage/framework/views/8ff218fdf9264f80467feb73809b7a62(5): Illuminate\View\Factory->make('layout.app', Array)
#3 /home/shiyanlou/Code/myweb/vendor/laravel/framework/src/Illuminate/View/Engines/PhpEngine.php(42): include('/home/shiyanlou...')
#4 /home/shiyanlou/Code/myweb/vendor/laravel/framework/src/Illuminate/View/Engines/CompilerEngine.php(58): Illuminate\View\Engines\PhpEngine->evaluatePath('/home/shiyanlou...', Array)
#5 /home/shiyanlou/Code/myweb/vendor/laravel/framework/src/Illuminate/View/View.php(147): Illuminate\View\Engines\CompilerEngine->get('/home/shiyanlou...', Array)
#6 /home/shiyanlou/Code/myweb/vendor/laravel/framework/src/Illuminate/View/View.php(118): Illuminate\View\View->getContents()
#7 /home/shiyanlou/Code/myweb/vendor/laravel/framework/src/Illuminate/View/View.php(83): Illuminate\View\View->renderContents()
#8 /home/shiyanlou/Code/myweb/vendor/laravel/framework/src/Illuminate/Http/Response.php(51): Illuminate\View\View->render()
#9 /home/shiyanlou/Code/myweb/vendor/symfony/http-foundation/Response.php(202): Illuminate\Http\Response->setContent(Object(Illuminate\View\View))
#10 /home/shiyanlou/Code/myweb/vendor/laravel/framework/src/Illuminate/Routing/Router.php(1229): Symfony\Component\HttpFoundation\Response->__construct(Object(Illuminate\View\View))
#11 /home/shiyanlou/Code/myweb/vendor/laravel/framework/src/Illuminate/Routing/ControllerDispatcher.php(113): Illuminate\Routing\Router->prepareResponse(Object(Illuminate\Http\Request), Object(Illuminate\View\View))
#12 [internal function]: Illuminate\Routing\ControllerDispatcher->Illuminate\Routing\{closure}(Object(Illuminate\Http\Request))
#13 /home/shiyanlou/Code/myweb/vendor/laravel/framework/src/Illuminate/Pipeline/Pipeline.php(139): call_user_func(Object(Closure), Object(Illuminate\Http\Request))
#14 [internal function]: Illuminate\Pipeline\Pipeline->Illuminate\Pipeline\{closure}(Object(Illuminate\Http\Request))
#15 /home/shiyanlou/Code/myweb/vendor/laravel/framework/src/Illuminate/Pipeline/Pipeline.php(103): call_user_func(Object(Closure), Object(Illuminate\Http\Request))
#16 /home/shiyanlou/Code/myweb/vendor/laravel/framework/src/Illuminate/Routing/ControllerDispatcher.php(114): Illuminate\Pipeline\Pipeline->then(Object(Closure))
#17 /home/shiyanlou/Code/myweb/vendor/laravel/framework/src/Illuminate/Routing/ControllerDispatcher.php(69): Illuminate\Routing\ControllerDispatcher->callWithinStack(Object(App\Http\Controllers\ArticlesController), Object(Illuminate\Routing\Route), Object(Illuminate\Http\Request), 'index')
#18 /home/shiyanlou/Code/myweb/vendor/laravel/framework/src/Illuminate/Routing/Route.php(203): Illuminate\Routing\ControllerDispatcher->dispatch(Object(Illuminate\Routing\Route), Object(Illuminate\Http\Request), 'App\Http\Contro...', 'index')
#19 /home/shiyanlou/Code/myweb/vendor/laravel/framework/src/Illuminate/Routing/Route.php(134): Illuminate\Routing\Route->runWithCustomDispatcher(Object(Illuminate\Http\Request))
#20 /home/shiyanlou/Code/myweb/vendor/laravel/framework/src/Illuminate/Routing/Router.php(708): Illuminate\Routing\Route->run(Object(Illuminate\Http\Request))
#21 [internal function]: Illuminate\Routing\Router->Illuminate\Routing\{closure}(Object(Illuminate\Http\Request))
#22 /home/shiyanlou/Code/myweb/vendor/laravel/framework/src/Illuminate/Pipeline/Pipeline.php(139): call_user_func(Object(Closure), Object(Illuminate\Http\Request))
#23 [internal function]: Illuminate\Pipeline\Pipeline->Illuminate\Pipeline\{closure}(Object(Illuminate\Http\Request))
#24 /home/shiyanlou/Code/myweb/vendor/laravel/framework/src/Illuminate/Pipeline/Pipeline.php(103): call_user_func(Object(Closure), Object(Illuminate\Http\Request))
#25 /home/shiyanlou/Code/myweb/vendor/laravel/framework/src/Illuminate/Routing/Router.php(710): Illuminate\Pipeline\Pipeline->then(Object(Closure))
#26 /home/shiyanlou/Code/myweb/vendor/laravel/framework/src/Illuminate/Routing/Router.php(675): Illuminate\Routing\Router->runRouteWithinStack(Object(Illuminate\Routing\Route), Object(Illuminate\Http\Request))
#27 /home/shiyanlou/Code/myweb/vendor/laravel/framework/src/Illuminate/Routing/Router.php(635): Illuminate\Routing\Router->dispatchToRoute(Object(Illuminate\Http\Request))
#28 /home/shiyanlou/Code/myweb/vendor/laravel/framework/src/Illuminate/Foundation/Http/Kernel.php(236): Illuminate\Routing\Router->dispatch(Object(Illuminate\Http\Request))
#29 [internal function]: Illuminate\Foundation\Http\Kernel->Illuminate\Foundation\Http\{closure}(Object(Illuminate\Http\Request))
#30 /home/shiyanlou/Code/myweb/vendor/laravel/framework/src/Illuminate/Pipeline/Pipeline.php(139): call_user_func(Object(Closure), Object(Illuminate\Http\Request))
#31 /home/shiyanlou/Code/myweb/vendor/laravel/framework/src/Illuminate/Foundation/Http/Middleware/VerifyCsrfToken.php(50): Illuminate\Pipeline\Pipeline->Illuminate\Pipeline\{closure}(Object(Illuminate\Http\Request))
#32 [internal function]: Illuminate\Foundation\Http\Middleware\VerifyCsrfToken->handle(Object(Illuminate\Http\Request), Object(Closure))
#33 /home/shiyanlou/Code/myweb/vendor/laravel/framework/src/Illuminate/Pipeline/Pipeline.php(124): call_user_func_array(Array, Array)
#34 /home/shiyanlou/Code/myweb/vendor/laravel/framework/src/Illuminate/View/Middleware/ShareErrorsFromSession.php(49): Illuminate\Pipeline\Pipeline->Illuminate\Pipeline\{closure}(Object(Illuminate\Http\Request))
#35 [internal function]: Illuminate\View\Middleware\ShareErrorsFromSession->handle(Object(Illuminate\Http\Request), Object(Closure))
#36 /home/shiyanlou/Code/myweb/vendor/laravel/framework/src/Illuminate/Pipeline/Pipeline.php(124): call_user_func_array(Array, Array)
#37 /home/shiyanlou/Code/myweb/vendor/laravel/framework/src/Illuminate/Session/Middleware/StartSession.php(62): Illuminate\Pipeline\Pipeline->Illuminate\Pipeline\{closure}(Object(Illuminate\Http\Request))
#38 [internal function]: Illuminate\Session\Middleware\StartSession->handle(Object(Illuminate\Http\Request), Object(Closure))
#39 /home/shiyanlou/Code/myweb/vendor/laravel/framework/src/Illuminate/Pipeline/Pipeline.php(124): call_user_func_array(Array, Array)
#40 /home/shiyanlou/Code/myweb/vendor/laravel/framework/src/Illuminate/Cookie/Middleware/AddQueuedCookiesToResponse.php(37): Illuminate\Pipeline\Pipeline->Illuminate\Pipeline\{closure}(Object(Illuminate\Http\Request))
#41 [internal function]: Illuminate\Cookie\Middleware\AddQueuedCookiesToResponse->handle(Object(Illuminate\Http\Request), Object(Closure))
#42 /home/shiyanlou/Code/myweb/vendor/laravel/framework/src/Illuminate/Pipeline/Pipeline.php(124): call_user_func_array(Array, Array)
#43 /home/shiyanlou/Code/myweb/vendor/laravel/framework/src/Illuminate/Cookie/Middleware/EncryptCookies.php(59): Illuminate\Pipeline\Pipeline->Illuminate\Pipeline\{closure}(Object(Illuminate\Http\Request))
#44 [internal function]: Illuminate\Cookie\Middleware\EncryptCookies->handle(Object(Illuminate\Http\Request), Object(Closure))
#45 /home/shiyanlou/Code/myweb/vendor/laravel/framework/src/Illuminate/Pipeline/Pipeline.php(124): call_user_func_array(Array, Array)
#46 /home/shiyanlou/Code/myweb/vendor/laravel/framework/src/Illuminate/Foundation/Http/Middleware/CheckForMaintenanceMode.php(44): Illuminate\Pipeline\Pipeline->Illuminate\Pipeline\{closure}(Object(Illuminate\Http\Request))
#47 [internal function]: Illuminate\Foundation\Http\Middleware\CheckForMaintenanceMode->handle(Object(Illuminate\Http\Request), Object(Closure))
#48 /home/shiyanlou/Code/myweb/vendor/laravel/framework/src/Illuminate/Pipeline/Pipeline.php(124): call_user_func_array(Array, Array)
#49 [internal function]: Illuminate\Pipeline\Pipeline->Illuminate\Pipeline\{closure}(Object(Illuminate\Http\Request))
#50 /home/shiyanlou/Code/myweb/vendor/laravel/framework/src/Illuminate/Pipeline/Pipeline.php(103): call_user_func(Object(Closure), Object(Illuminate\Http\Request))
#51 /home/shiyanlou/Code/myweb/vendor/laravel/framework/src/Illuminate/Foundation/Http/Kernel.php(122): Illuminate\Pipeline\Pipeline->then(Object(Closure))
#52 /home/shiyanlou/Code/myweb/vendor/laravel/framework/src/Illuminate/Foundation/Http/Kernel.php(87): Illuminate\Foundation\Http\Kernel->sendRequestThroughRouter(Object(Illuminate\Http\Request))
#53 /home/shiyanlou/Code/myweb/public/index.php(54): Illuminate\Foundation\Http\Kernel->handle(Object(Illuminate\Http\Request))
#54 {main}

Next exception 'ErrorException' with message 'View [layout.app] not found. (View: /home/shiyanlou/Code/myweb/resources/views/articles/index.blade.php)' in /home/shiyanlou/Code/myweb/vendor/laravel/framework/src/Illuminate/View/FileViewFinder.php:137
Stack trace:
#0 /home/shiyanlou/Code/myweb/vendor/laravel/framework/src/Illuminate/View/Engines/PhpEngine.php(44): Illuminate\View\Engines\CompilerEngine->handleViewException(Object(InvalidArgumentException), 1)
#1 /home/shiyanlou/Code/myweb/vendor/laravel/framework/src/Illuminate/View/Engines/CompilerEngine.php(58): Illuminate\View\Engines\PhpEngine->evaluatePath('/home/shiyanlou...', Array)
#2 /home/shiyanlou/Code/myweb/vendor/laravel/framework/src/Illuminate/View/View.php(147): Illuminate\View\Engines\CompilerEngine->get('/home/shiyanlou...', Array)
#3 /home/shiyanlou/Code/myweb/vendor/laravel/framework/src/Illuminate/View/View.php(118): Illuminate\View\View->getContents()
#4 /home/shiyanlou/Code/myweb/vendor/laravel/framework/src/Illuminate/View/View.php(83): Illuminate\View\View->renderContents()
#5 /home/shiyanlou/Code/myweb/vendor/laravel/framework/src/Illuminate/Http/Response.php(51): Illuminate\View\View->render()
#6 /home/shiyanlou/Code/myweb/vendor/symfony/http-foundation/Response.php(202): Illuminate\Http\Response->setContent(Object(Illuminate\View\View))
#7 /home/shiyanlou/Code/myweb/vendor/laravel/framework/src/Illuminate/Routing/Router.php(1229): Symfony\Component\HttpFoundation\Response->__construct(Object(Illuminate\View\View))
#8 /home/shiyanlou/Code/myweb/vendor/laravel/framework/src/Illuminate/Routing/ControllerDispatcher.php(113): Illuminate\Routing\Router->prepareResponse(Object(Illuminate\Http\Request), Object(Illuminate\View\View))
#9 [internal function]: Illuminate\Routing\ControllerDispatcher->Illuminate\Routing\{closure}(Object(Illuminate\Http\Request))
#10 /home/shiyanlou/Code/myweb/vendor/laravel/framework/src/Illuminate/Pipeline/Pipeline.php(139): call_user_func(Object(Closure), Object(Illuminate\Http\Request))
#11 [internal function]: Illuminate\Pipeline\Pipeline->Illuminate\Pipeline\{closure}(Object(Illuminate\Http\Request))
#12 /home/shiyanlou/Code/myweb/vendor/laravel/framework/src/Illuminate/Pipeline/Pipeline.php(103): call_user_func(Object(Closure), Object(Illuminate\Http\Request))
#13 /home/shiyanlou/Code/myweb/vendor/laravel/framework/src/Illuminate/Routing/ControllerDispatcher.php(114): Illuminate\Pipeline\Pipeline->then(Object(Closure))
#14 /home/shiyanlou/Code/myweb/vendor/laravel/framework/src/Illuminate/Routing/ControllerDispatcher.php(69): Illuminate\Routing\ControllerDispatcher->callWithinStack(Object(App\Http\Controllers\ArticlesController), Object(Illuminate\Routing\Route), Object(Illuminate\Http\Request), 'index')
#15 /home/shiyanlou/Code/myweb/vendor/laravel/framework/src/Illuminate/Routing/Route.php(203): Illuminate\Routing\ControllerDispatcher->dispatch(Object(Illuminate\Routing\Route), Object(Illuminate\Http\Request), 'App\Http\Contro...', 'index')
#16 /home/shiyanlou/Code/myweb/vendor/laravel/framework/src/Illuminate/Routing/Route.php(134): Illuminate\Routing\Route->runWithCustomDispatcher(Object(Illuminate\Http\Request))
#17 /home/shiyanlou/Code/myweb/vendor/laravel/framework/src/Illuminate/Routing/Router.php(708): Illuminate\Routing\Route->run(Object(Illuminate\Http\Request))
#18 [internal function]: Illuminate\Routing\Router->Illuminate\Routing\{closure}(Object(Illuminate\Http\Request))
#19 /home/shiyanlou/Code/myweb/vendor/laravel/framework/src/Illuminate/Pipeline/Pipeline.php(139): call_user_func(Object(Closure), Object(Illuminate\Http\Request))
#20 [internal function]: Illuminate\Pipeline\Pipeline->Illuminate\Pipeline\{closure}(Object(Illuminate\Http\Request))
#21 /home/shiyanlou/Code/myweb/vendor/laravel/framework/src/Illuminate/Pipeline/Pipeline.php(103): call_user_func(Object(Closure), Object(Illuminate\Http\Request))
#22 /home/shiyanlou/Code/myweb/vendor/laravel/framework/src/Illuminate/Routing/Router.php(710): Illuminate\Pipeline\Pipeline->then(Object(Closure))
#23 /home/shiyanlou/Code/myweb/vendor/laravel/framework/src/Illuminate/Routing/Router.php(675): Illuminate\Routing\Router->runRouteWithinStack(Object(Illuminate\Routing\Route), Object(Illuminate\Http\Request))
#24 /home/shiyanlou/Code/myweb/vendor/laravel/framework/src/Illuminate/Routing/Router.php(635): Illuminate\Routing\Router->dispatchToRoute(Object(Illuminate\Http\Request))
#25 /home/shiyanlou/Code/myweb/vendor/laravel/framework/src/Illuminate/Foundation/Http/Kernel.php(236): Illuminate\Routing\Router->dispatch(Object(Illuminate\Http\Request))
#26 [internal function]: Illuminate\Foundation\Http\Kernel->Illuminate\Foundation\Http\{closure}(Object(Illuminate\Http\Request))
#27 /home/shiyanlou/Code/myweb/vendor/laravel/framework/src/Illuminate/Pipeline/Pipeline.php(139): call_user_func(Object(Closure), Object(Illuminate\Http\Request))
#28 /home/shiyanlou/Code/myweb/vendor/laravel/framework/src/Illuminate/Foundation/Http/Middleware/VerifyCsrfToken.php(50): Illuminate\Pipeline\Pipeline->Illuminate\Pipeline\{closure}(Object(Illuminate\Http\Request))
#29 [internal function]: Illuminate\Foundation\Http\Middleware\VerifyCsrfToken->handle(Object(Illuminate\Http\Request), Object(Closure))
#30 /home/shiyanlou/Code/myweb/vendor/laravel/framework/src/Illuminate/Pipeline/Pipeline.php(124): call_user_func_array(Array, Array)
#31 /home/shiyanlou/Code/myweb/vendor/laravel/framework/src/Illuminate/View/Middleware/ShareErrorsFromSession.php(49): Illuminate\Pipeline\Pipeline->Illuminate\Pipeline\{closure}(Object(Illuminate\Http\Request))
#32 [internal function]: Illuminate\View\Middleware\ShareErrorsFromSession->handle(Object(Illuminate\Http\Request), Object(Closure))
#33 /home/shiyanlou/Code/myweb/vendor/laravel/framework/src/Illuminate/Pipeline/Pipeline.php(124): call_user_func_array(Array, Array)
#34 /home/shiyanlou/Code/myweb/vendor/laravel/framework/src/Illuminate/Session/Middleware/StartSession.php(62): Illuminate\Pipeline\Pipeline->Illuminate\Pipeline\{closure}(Object(Illuminate\Http\Request))
#35 [internal function]: Illuminate\Session\Middleware\StartSession->handle(Object(Illuminate\Http\Request), Object(Closure))
#36 /home/shiyanlou/Code/myweb/vendor/laravel/framework/src/Illuminate/Pipeline/Pipeline.php(124): call_user_func_array(Array, Array)
#37 /home/shiyanlou/Code/myweb/vendor/laravel/framework/src/Illuminate/Cookie/Middleware/AddQueuedCookiesToResponse.php(37): Illuminate\Pipeline\Pipeline->Illuminate\Pipeline\{closure}(Object(Illuminate\Http\Request))
#38 [internal function]: Illuminate\Cookie\Middleware\AddQueuedCookiesToResponse->handle(Object(Illuminate\Http\Request), Object(Closure))
#39 /home/shiyanlou/Code/myweb/vendor/laravel/framework/src/Illuminate/Pipeline/Pipeline.php(124): call_user_func_array(Array, Array)
#40 /home/shiyanlou/Code/myweb/vendor/laravel/framework/src/Illuminate/Cookie/Middleware/EncryptCookies.php(59): Illuminate\Pipeline\Pipeline->Illuminate\Pipeline\{closure}(Object(Illuminate\Http\Request))
#41 [internal function]: Illuminate\Cookie\Middleware\EncryptCookies->handle(Object(Illuminate\Http\Request), Object(Closure))
#42 /home/shiyanlou/Code/myweb/vendor/laravel/framework/src/Illuminate/Pipeline/Pipeline.php(124): call_user_func_array(Array, Array)
#43 /home/shiyanlou/Code/myweb/vendor/laravel/framework/src/Illuminate/Foundation/Http/Middleware/CheckForMaintenanceMode.php(44): Illuminate\Pipeline\Pipeline->Illuminate\Pipeline\{closure}(Object(Illuminate\Http\Request))
#44 [internal function]: Illuminate\Foundation\Http\Middleware\CheckForMaintenanceMode->handle(Object(Illuminate\Http\Request), Object(Closure))
#45 /home/shiyanlou/Code/myweb/vendor/laravel/framework/src/Illuminate/Pipeline/Pipeline.php(124): call_user_func_array(Array, Array)
#46 [internal function]: Illuminate\Pipeline\Pipeline->Illuminate\Pipeline\{closure}(Object(Illuminate\Http\Request))
#47 /home/shiyanlou/Code/myweb/vendor/laravel/framework/src/Illuminate/Pipeline/Pipeline.php(103): call_user_func(Object(Closure), Object(Illuminate\Http\Request))
#48 /home/shiyanlou/Code/myweb/vendor/laravel/framework/src/Illuminate/Foundation/Http/Kernel.php(122): Illuminate\Pipeline\Pipeline->then(Object(Closure))
#49 /home/shiyanlou/Code/myweb/vendor/laravel/framework/src/Illuminate/Foundation/Http/Kernel.php(87): Illuminate\Foundation\Http\Kernel->sendRequestThroughRouter(Object(Illuminate\Http\Request))
#50 /home/shiyanlou/Code/myweb/public/index.php(54): Illuminate\Foundation\Http\Kernel->handle(Object(Illuminate\Http\Request))
#51 {main}  
[2017-11-09 17:24:44] local.ERROR: exception 'Symfony\Component\Debug\Exception\FatalErrorException' with message 'Class 'App\Http\Controllers\Article' not found' in /home/shiyanlou/Code/myweb/app/Http/Controllers/ArticlesController.php:47
Stack trace:
#0 {main}  
[2017-11-09 17:42:41] local.ERROR: exception 'ErrorException' with message 'Undefined variable: article' in /home/shiyanlou/Code/myweb/storage/framework/views/8ff218fdf9264f80467feb73809b7a62:5
Stack trace:
#0 /home/shiyanlou/Code/myweb/storage/framework/views/8ff218fdf9264f80467feb73809b7a62(5): Illuminate\Foundation\Bootstrap\HandleExceptions->handleError(8, 'Undefined varia...', '/home/shiyanlou...', 5, Array)
#1 /home/shiyanlou/Code/myweb/vendor/laravel/framework/src/Illuminate/View/Engines/PhpEngine.php(42): include('/home/shiyanlou...')
#2 /home/shiyanlou/Code/myweb/vendor/laravel/framework/src/Illuminate/View/Engines/CompilerEngine.php(58): Illuminate\View\Engines\PhpEngine->evaluatePath('/home/shiyanlou...', Array)
#3 /home/shiyanlou/Code/myweb/vendor/laravel/framework/src/Illuminate/View/View.php(147): Illuminate\View\Engines\CompilerEngine->get('/home/shiyanlou...', Array)
#4 /home/shiyanlou/Code/myweb/vendor/laravel/framework/src/Illuminate/View/View.php(118): Illuminate\View\View->getContents()
#5 /home/shiyanlou/Code/myweb/vendor/laravel/framework/src/Illuminate/View/View.php(83): Illuminate\View\View->renderContents()
#6 /home/shiyanlou/Code/myweb/vendor/laravel/framework/src/Illuminate/Http/Response.php(51): Illuminate\View\View->render()
#7 /home/shiyanlou/Code/myweb/vendor/symfony/http-foundation/Response.php(202): Illuminate\Http\Response->setContent(Object(Illuminate\View\View))
#8 /home/shiyanlou/Code/myweb/vendor/laravel/framework/src/Illuminate/Routing/Router.php(1229): Symfony\Component\HttpFoundation\Response->__construct(Object(Illuminate\View\View))
#9 /home/shiyanlou/Code/myweb/vendor/laravel/framework/src/Illuminate/Routing/ControllerDispatcher.php(113): Illuminate\Routing\Router->prepareResponse(Object(Illuminate\Http\Request), Object(Illuminate\View\View))
#10 [internal function]: Illuminate\Routing\ControllerDispatcher->Illuminate\Routing\{closure}(Object(Illuminate\Http\Request))
#11 /home/shiyanlou/Code/myweb/vendor/laravel/framework/src/Illuminate/Pipeline/Pipeline.php(139): call_user_func(Object(Closure), Object(Illuminate\Http\Request))
#12 [internal function]: Illuminate\Pipeline\Pipeline->Illuminate\Pipeline\{closure}(Object(Illuminate\Http\Request))
#13 /home/shiyanlou/Code/myweb/vendor/laravel/framework/src/Illuminate/Pipeline/Pipeline.php(103): call_user_func(Object(Closure), Object(Illuminate\Http\Request))
#14 /home/shiyanlou/Code/myweb/vendor/laravel/framework/src/Illuminate/Routing/ControllerDispatcher.php(114): Illuminate\Pipeline\Pipeline->then(Object(Closure))
#15 /home/shiyanlou/Code/myweb/vendor/laravel/framework/src/Illuminate/Routing/ControllerDispatcher.php(69): Illuminate\Routing\ControllerDispatcher->callWithinStack(Object(App\Http\Controllers\ArticlesController), Object(Illuminate\Routing\Route), Object(Illuminate\Http\Request), 'index')
#16 /home/shiyanlou/Code/myweb/vendor/laravel/framework/src/Illuminate/Routing/Route.php(203): Illuminate\Routing\ControllerDispatcher->dispatch(Object(Illuminate\Routing\Route), Object(Illuminate\Http\Request), 'App\Http\Contro...', 'index')
#17 /home/shiyanlou/Code/myweb/vendor/laravel/framework/src/Illuminate/Routing/Route.php(134): Illuminate\Routing\Route->runWithCustomDispatcher(Object(Illuminate\Http\Request))
#18 /home/shiyanlou/Code/myweb/vendor/laravel/framework/src/Illuminate/Routing/Router.php(708): Illuminate\Routing\Route->run(Object(Illuminate\Http\Request))
#19 [internal function]: Illuminate\Routing\Router->Illuminate\Routing\{closure}(Object(Illuminate\Http\Request))
#20 /home/shiyanlou/Code/myweb/vendor/laravel/framework/src/Illuminate/Pipeline/Pipeline.php(139): call_user_func(Object(Closure), Object(Illuminate\Http\Request))
#21 [internal function]: Illuminate\Pipeline\Pipeline->Illuminate\Pipeline\{closure}(Object(Illuminate\Http\Request))
#22 /home/shiyanlou/Code/myweb/vendor/laravel/framework/src/Illuminate/Pipeline/Pipeline.php(103): call_user_func(Object(Closure), Object(Illuminate\Http\Request))
#23 /home/shiyanlou/Code/myweb/vendor/laravel/framework/src/Illuminate/Routing/Router.php(710): Illuminate\Pipeline\Pipeline->then(Object(Closure))
#24 /home/shiyanlou/Code/myweb/vendor/laravel/framework/src/Illuminate/Routing/Router.php(675): Illuminate\Routing\Router->runRouteWithinStack(Object(Illuminate\Routing\Route), Object(Illuminate\Http\Request))
#25 /home/shiyanlou/Code/myweb/vendor/laravel/framework/src/Illuminate/Routing/Router.php(635): Illuminate\Routing\Router->dispatchToRoute(Object(Illuminate\Http\Request))
#26 /home/shiyanlou/Code/myweb/vendor/laravel/framework/src/Illuminate/Foundation/Http/Kernel.php(236): Illuminate\Routing\Router->dispatch(Object(Illuminate\Http\Request))
#27 [internal function]: Illuminate\Foundation\Http\Kernel->Illuminate\Foundation\Http\{closure}(Object(Illuminate\Http\Request))
#28 /home/shiyanlou/Code/myweb/vendor/laravel/framework/src/Illuminate/Pipeline/Pipeline.php(139): call_user_func(Object(Closure), Object(Illuminate\Http\Request))
#29 /home/shiyanlou/Code/myweb/vendor/laravel/framework/src/Illuminate/Foundation/Http/Middleware/VerifyCsrfToken.php(50): Illuminate\Pipeline\Pipeline->Illuminate\Pipeline\{closure}(Object(Illuminate\Http\Request))
#30 [internal function]: Illuminate\Foundation\Http\Middleware\VerifyCsrfToken->handle(Object(Illuminate\Http\Request), Object(Closure))
#31 /home/shiyanlou/Code/myweb/vendor/laravel/framework/src/Illuminate/Pipeline/Pipeline.php(124): call_user_func_array(Array, Array)
#32 /home/shiyanlou/Code/myweb/vendor/laravel/framework/src/Illuminate/View/Middleware/ShareErrorsFromSession.php(49): Illuminate\Pipeline\Pipeline->Illuminate\Pipeline\{closure}(Object(Illuminate\Http\Request))
#33 [internal function]: Illuminate\View\Middleware\ShareErrorsFromSession->handle(Object(Illuminate\Http\Request), Object(Closure))
#34 /home/shiyanlou/Code/myweb/vendor/laravel/framework/src/Illuminate/Pipeline/Pipeline.php(124): call_user_func_array(Array, Array)
#35 /home/shiyanlou/Code/myweb/vendor/laravel/framework/src/Illuminate/Session/Middleware/StartSession.php(62): Illuminate\Pipeline\Pipeline->Illuminate\Pipeline\{closure}(Object(Illuminate\Http\Request))
#36 [internal function]: Illuminate\Session\Middleware\StartSession->handle(Object(Illuminate\Http\Request), Object(Closure))
#37 /home/shiyanlou/Code/myweb/vendor/laravel/framework/src/Illuminate/Pipeline/Pipeline.php(124): call_user_func_array(Array, Array)
#38 /home/shiyanlou/Code/myweb/vendor/laravel/framework/src/Illuminate/Cookie/Middleware/AddQueuedCookiesToResponse.php(37): Illuminate\Pipeline\Pipeline->Illuminate\Pipeline\{closure}(Object(Illuminate\Http\Request))
#39 [internal function]: Illuminate\Cookie\Middleware\AddQueuedCookiesToResponse->handle(Object(Illuminate\Http\Request), Object(Closure))
#40 /home/shiyanlou/Code/myweb/vendor/laravel/framework/src/Illuminate/Pipeline/Pipeline.php(124): call_user_func_array(Array, Array)
#41 /home/shiyanlou/Code/myweb/vendor/laravel/framework/src/Illuminate/Cookie/Middleware/EncryptCookies.php(59): Illuminate\Pipeline\Pipeline->Illuminate\Pipeline\{closure}(Object(Illuminate\Http\Request))
#42 [internal function]: Illuminate\Cookie\Middleware\EncryptCookies->handle(Object(Illuminate\Http\Request), Object(Closure))
#43 /home/shiyanlou/Code/myweb/vendor/laravel/framework/src/Illuminate/Pipeline/Pipeline.php(124): call_user_func_array(Array, Array)
#44 /home/shiyanlou/Code/myweb/vendor/laravel/framework/src/Illuminate/Foundation/Http/Middleware/CheckForMaintenanceMode.php(44): Illuminate\Pipeline\Pipeline->Illuminate\Pipeline\{closure}(Object(Illuminate\Http\Request))
#45 [internal function]: Illuminate\Foundation\Http\Middleware\CheckForMaintenanceMode->handle(Object(Illuminate\Http\Request), Object(Closure))
#46 /home/shiyanlou/Code/myweb/vendor/laravel/framework/src/Illuminate/Pipeline/Pipeline.php(124): call_user_func_array(Array, Array)
#47 [internal function]: Illuminate\Pipeline\Pipeline->Illuminate\Pipeline\{closure}(Object(Illuminate\Http\Request))
#48 /home/shiyanlou/Code/myweb/vendor/laravel/framework/src/Illuminate/Pipeline/Pipeline.php(103): call_user_func(Object(Closure), Object(Illuminate\Http\Request))
#49 /home/shiyanlou/Code/myweb/vendor/laravel/framework/src/Illuminate/Foundation/Http/Kernel.php(122): Illuminate\Pipeline\Pipeline->then(Object(Closure))
#50 /home/shiyanlou/Code/myweb/vendor/laravel/framework/src/Illuminate/Foundation/Http/Kernel.php(87): Illuminate\Foundation\Http\Kernel->sendRequestThroughRouter(Object(Illuminate\Http\Request))
#51 /home/shiyanlou/Code/myweb/public/index.php(54): Illuminate\Foundation\Http\Kernel->handle(Object(Illuminate\Http\Request))
#52 {main}

Next exception 'ErrorException' with message 'Undefined variable: article (View: /home/shiyanlou/Code/myweb/resources/views/articles/index.blade.php)' in /home/shiyanlou/Code/myweb/storage/framework/views/8ff218fdf9264f80467feb73809b7a62:5
Stack trace:
#0 /home/shiyanlou/Code/myweb/vendor/laravel/framework/src/Illuminate/View/Engines/PhpEngine.php(44): Illuminate\View\Engines\CompilerEngine->handleViewException(Object(ErrorException), 1)
#1 /home/shiyanlou/Code/myweb/vendor/laravel/framework/src/Illuminate/View/Engines/CompilerEngine.php(58): Illuminate\View\Engines\PhpEngine->evaluatePath('/home/shiyanlou...', Array)
#2 /home/shiyanlou/Code/myweb/vendor/laravel/framework/src/Illuminate/View/View.php(147): Illuminate\View\Engines\CompilerEngine->get('/home/shiyanlou...', Array)
#3 /home/shiyanlou/Code/myweb/vendor/laravel/framework/src/Illuminate/View/View.php(118): Illuminate\View\View->getContents()
#4 /home/shiyanlou/Code/myweb/vendor/laravel/framework/src/Illuminate/View/View.php(83): Illuminate\View\View->renderContents()
#5 /home/shiyanlou/Code/myweb/vendor/laravel/framework/src/Illuminate/Http/Response.php(51): Illuminate\View\View->render()
#6 /home/shiyanlou/Code/myweb/vendor/symfony/http-foundation/Response.php(202): Illuminate\Http\Response->setContent(Object(Illuminate\View\View))
#7 /home/shiyanlou/Code/myweb/vendor/laravel/framework/src/Illuminate/Routing/Router.php(1229): Symfony\Component\HttpFoundation\Response->__construct(Object(Illuminate\View\View))
#8 /home/shiyanlou/Code/myweb/vendor/laravel/framework/src/Illuminate/Routing/ControllerDispatcher.php(113): Illuminate\Routing\Router->prepareResponse(Object(Illuminate\Http\Request), Object(Illuminate\View\View))
#9 [internal function]: Illuminate\Routing\ControllerDispatcher->Illuminate\Routing\{closure}(Object(Illuminate\Http\Request))
#10 /home/shiyanlou/Code/myweb/vendor/laravel/framework/src/Illuminate/Pipeline/Pipeline.php(139): call_user_func(Object(Closure), Object(Illuminate\Http\Request))
#11 [internal function]: Illuminate\Pipeline\Pipeline->Illuminate\Pipeline\{closure}(Object(Illuminate\Http\Request))
#12 /home/shiyanlou/Code/myweb/vendor/laravel/framework/src/Illuminate/Pipeline/Pipeline.php(103): call_user_func(Object(Closure), Object(Illuminate\Http\Request))
#13 /home/shiyanlou/Code/myweb/vendor/laravel/framework/src/Illuminate/Routing/ControllerDispatcher.php(114): Illuminate\Pipeline\Pipeline->then(Object(Closure))
#14 /home/shiyanlou/Code/myweb/vendor/laravel/framework/src/Illuminate/Routing/ControllerDispatcher.php(69): Illuminate\Routing\ControllerDispatcher->callWithinStack(Object(App\Http\Controllers\ArticlesController), Object(Illuminate\Routing\Route), Object(Illuminate\Http\Request), 'index')
#15 /home/shiyanlou/Code/myweb/vendor/laravel/framework/src/Illuminate/Routing/Route.php(203): Illuminate\Routing\ControllerDispatcher->dispatch(Object(Illuminate\Routing\Route), Object(Illuminate\Http\Request), 'App\Http\Contro...', 'index')
#16 /home/shiyanlou/Code/myweb/vendor/laravel/framework/src/Illuminate/Routing/Route.php(134): Illuminate\Routing\Route->runWithCustomDispatcher(Object(Illuminate\Http\Request))
#17 /home/shiyanlou/Code/myweb/vendor/laravel/framework/src/Illuminate/Routing/Router.php(708): Illuminate\Routing\Route->run(Object(Illuminate\Http\Request))
#18 [internal function]: Illuminate\Routing\Router->Illuminate\Routing\{closure}(Object(Illuminate\Http\Request))
#19 /home/shiyanlou/Code/myweb/vendor/laravel/framework/src/Illuminate/Pipeline/Pipeline.php(139): call_user_func(Object(Closure), Object(Illuminate\Http\Request))
#20 [internal function]: Illuminate\Pipeline\Pipeline->Illuminate\Pipeline\{closure}(Object(Illuminate\Http\Request))
#21 /home/shiyanlou/Code/myweb/vendor/laravel/framework/src/Illuminate/Pipeline/Pipeline.php(103): call_user_func(Object(Closure), Object(Illuminate\Http\Request))
#22 /home/shiyanlou/Code/myweb/vendor/laravel/framework/src/Illuminate/Routing/Router.php(710): Illuminate\Pipeline\Pipeline->then(Object(Closure))
#23 /home/shiyanlou/Code/myweb/vendor/laravel/framework/src/Illuminate/Routing/Router.php(675): Illuminate\Routing\Router->runRouteWithinStack(Object(Illuminate\Routing\Route), Object(Illuminate\Http\Request))
#24 /home/shiyanlou/Code/myweb/vendor/laravel/framework/src/Illuminate/Routing/Router.php(635): Illuminate\Routing\Router->dispatchToRoute(Object(Illuminate\Http\Request))
#25 /home/shiyanlou/Code/myweb/vendor/laravel/framework/src/Illuminate/Foundation/Http/Kernel.php(236): Illuminate\Routing\Router->dispatch(Object(Illuminate\Http\Request))
#26 [internal function]: Illuminate\Foundation\Http\Kernel->Illuminate\Foundation\Http\{closure}(Object(Illuminate\Http\Request))
#27 /home/shiyanlou/Code/myweb/vendor/laravel/framework/src/Illuminate/Pipeline/Pipeline.php(139): call_user_func(Object(Closure), Object(Illuminate\Http\Request))
#28 /home/shiyanlou/Code/myweb/vendor/laravel/framework/src/Illuminate/Foundation/Http/Middleware/VerifyCsrfToken.php(50): Illuminate\Pipeline\Pipeline->Illuminate\Pipeline\{closure}(Object(Illuminate\Http\Request))
#29 [internal function]: Illuminate\Foundation\Http\Middleware\VerifyCsrfToken->handle(Object(Illuminate\Http\Request), Object(Closure))
#30 /home/shiyanlou/Code/myweb/vendor/laravel/framework/src/Illuminate/Pipeline/Pipeline.php(124): call_user_func_array(Array, Array)
#31 /home/shiyanlou/Code/myweb/vendor/laravel/framework/src/Illuminate/View/Middleware/ShareErrorsFromSession.php(49): Illuminate\Pipeline\Pipeline->Illuminate\Pipeline\{closure}(Object(Illuminate\Http\Request))
#32 [internal function]: Illuminate\View\Middleware\ShareErrorsFromSession->handle(Object(Illuminate\Http\Request), Object(Closure))
#33 /home/shiyanlou/Code/myweb/vendor/laravel/framework/src/Illuminate/Pipeline/Pipeline.php(124): call_user_func_array(Array, Array)
#34 /home/shiyanlou/Code/myweb/vendor/laravel/framework/src/Illuminate/Session/Middleware/StartSession.php(62): Illuminate\Pipeline\Pipeline->Illuminate\Pipeline\{closure}(Object(Illuminate\Http\Request))
#35 [internal function]: Illuminate\Session\Middleware\StartSession->handle(Object(Illuminate\Http\Request), Object(Closure))
#36 /home/shiyanlou/Code/myweb/vendor/laravel/framework/src/Illuminate/Pipeline/Pipeline.php(124): call_user_func_array(Array, Array)
#37 /home/shiyanlou/Code/myweb/vendor/laravel/framework/src/Illuminate/Cookie/Middleware/AddQueuedCookiesToResponse.php(37): Illuminate\Pipeline\Pipeline->Illuminate\Pipeline\{closure}(Object(Illuminate\Http\Request))
#38 [internal function]: Illuminate\Cookie\Middleware\AddQueuedCookiesToResponse->handle(Object(Illuminate\Http\Request), Object(Closure))
#39 /home/shiyanlou/Code/myweb/vendor/laravel/framework/src/Illuminate/Pipeline/Pipeline.php(124): call_user_func_array(Array, Array)
#40 /home/shiyanlou/Code/myweb/vendor/laravel/framework/src/Illuminate/Cookie/Middleware/EncryptCookies.php(59): Illuminate\Pipeline\Pipeline->Illuminate\Pipeline\{closure}(Object(Illuminate\Http\Request))
#41 [internal function]: Illuminate\Cookie\Middleware\EncryptCookies->handle(Object(Illuminate\Http\Request), Object(Closure))
#42 /home/shiyanlou/Code/myweb/vendor/laravel/framework/src/Illuminate/Pipeline/Pipeline.php(124): call_user_func_array(Array, Array)
#43 /home/shiyanlou/Code/myweb/vendor/laravel/framework/src/Illuminate/Foundation/Http/Middleware/CheckForMaintenanceMode.php(44): Illuminate\Pipeline\Pipeline->Illuminate\Pipeline\{closure}(Object(Illuminate\Http\Request))
#44 [internal function]: Illuminate\Foundation\Http\Middleware\CheckForMaintenanceMode->handle(Object(Illuminate\Http\Request), Object(Closure))
#45 /home/shiyanlou/Code/myweb/vendor/laravel/framework/src/Illuminate/Pipeline/Pipeline.php(124): call_user_func_array(Array, Array)
#46 [internal function]: Illuminate\Pipeline\Pipeline->Illuminate\Pipeline\{closure}(Object(Illuminate\Http\Request))
#47 /home/shiyanlou/Code/myweb/vendor/laravel/framework/src/Illuminate/Pipeline/Pipeline.php(103): call_user_func(Object(Closure), Object(Illuminate\Http\Request))
#48 /home/shiyanlou/Code/myweb/vendor/laravel/framework/src/Illuminate/Foundation/Http/Kernel.php(122): Illuminate\Pipeline\Pipeline->then(Object(Closure))
#49 /home/shiyanlou/Code/myweb/vendor/laravel/framework/src/Illuminate/Foundation/Http/Kernel.php(87): Illuminate\Foundation\Http\Kernel->sendRequestThroughRouter(Object(Illuminate\Http\Request))
#50 /home/shiyanlou/Code/myweb/public/index.php(54): Illuminate\Foundation\Http\Kernel->handle(Object(Illuminate\Http\Request))
#51 {main}  
[2017-11-09 18:26:34] local.ERROR: exception 'Symfony\Component\Debug\Exception\FatalErrorException' with message 'syntax error, unexpected 'return' (T_RETURN)' in /home/shiyanlou/Code/myweb/app/Http/Controllers/ArticlesController.php:101
Stack trace:
#0 {main}  
